status file for recon-all
Thu Jan 11 01:05:12 UTC 2018
#@# MotionCor Thu Jan 11 01:06:55 UTC 2018
#@# Talairach Thu Jan 11 01:07:52 UTC 2018
#@# Talairach Failure Detection Thu Jan 11 01:41:52 UTC 2018
#@# Nu Intensity Correction Thu Jan 11 01:41:52 UTC 2018
#@# Intensity Normalization Thu Jan 11 02:00:26 UTC 2018
#@# Skull Stripping Thu Jan 11 02:05:56 UTC 2018
#@# EM Registration Thu Jan 11 02:53:00 UTC 2018
#@# CA Normalize Thu Jan 11 03:37:47 UTC 2018
#@# CA Reg Thu Jan 11 03:41:28 UTC 2018
#@# SubCort Seg Thu Jan 11 09:26:35 UTC 2018
#@# Merge ASeg Thu Jan 11 11:28:25 UTC 2018
#@# Intensity Normalization2 Thu Jan 11 11:28:25 UTC 2018
#@# Mask BFS Thu Jan 11 11:34:27 UTC 2018
#@# WM Segmentation Thu Jan 11 11:34:30 UTC 2018
#@# Fill Thu Jan 11 11:38:08 UTC 2018
#@# Tessellate lh Thu Jan 11 11:39:25 UTC 2018
#@# Tessellate rh Thu Jan 11 11:39:33 UTC 2018
#@# Smooth1 lh Thu Jan 11 11:39:42 UTC 2018
#@# Smooth1 rh Thu Jan 11 11:39:51 UTC 2018
#@# Inflation1 lh Thu Jan 11 11:39:59 UTC 2018
#@# Inflation1 rh Thu Jan 11 11:40:50 UTC 2018
#@# QSphere lh Thu Jan 11 11:41:50 UTC 2018
#@# QSphere rh Thu Jan 11 11:48:24 UTC 2018
#@# Fix Topology Copy lh Thu Jan 11 11:54:26 UTC 2018
#@# Fix Topology Copy rh Thu Jan 11 11:54:26 UTC 2018
#@# Fix Topology lh Thu Jan 11 11:54:26 UTC 2018
#@# Fix Topology rh Thu Jan 11 12:33:50 UTC 2018
#@# Make White Surf lh Thu Jan 11 13:07:00 UTC 2018
#@# Make White Surf rh Thu Jan 11 13:14:16 UTC 2018
#@# Smooth2 lh Thu Jan 11 13:22:01 UTC 2018
#@# Smooth2 rh Thu Jan 11 13:22:09 UTC 2018
#@# Inflation2 lh Thu Jan 11 13:22:17 UTC 2018
#@# Inflation2 rh Thu Jan 11 13:23:16 UTC 2018
#@# Curv .H and .K lh Thu Jan 11 13:24:14 UTC 2018
#@# Curv .H and .K rh Thu Jan 11 13:26:25 UTC 2018
#@# Curvature Stats lh Thu Jan 11 13:28:38 UTC 2018
#@# Curvature Stats rh Thu Jan 11 13:28:44 UTC 2018
#@# Sphere lh Thu Jan 11 13:28:49 UTC 2018
#@# Sphere rh Thu Jan 11 14:43:07 UTC 2018
#@# Surf Reg lh Thu Jan 11 16:15:59 UTC 2018
#@# Surf Reg rh Thu Jan 11 17:47:25 UTC 2018
#@# Jacobian white lh Thu Jan 11 19:18:51 UTC 2018
#@# Jacobian white rh Thu Jan 11 19:18:54 UTC 2018
#@# AvgCurv lh Thu Jan 11 19:18:57 UTC 2018
#@# AvgCurv rh Thu Jan 11 19:19:00 UTC 2018
#@# Cortical Parc lh Thu Jan 11 19:19:02 UTC 2018
#@# Cortical Parc rh Thu Jan 11 19:19:28 UTC 2018
#@# Make Pial Surf lh Thu Jan 11 19:19:51 UTC 2018
#@# Make Pial Surf rh Thu Jan 11 19:43:48 UTC 2018
#@# Surf Volume lh Thu Jan 11 20:06:55 UTC 2018
#@# Surf Volume rh Thu Jan 11 20:07:00 UTC 2018
#@# Cortical ribbon mask Thu Jan 11 20:07:05 UTC 2018
#@# Parcellation Stats lh Thu Jan 11 20:31:19 UTC 2018
#@# Parcellation Stats rh Thu Jan 11 20:33:29 UTC 2018
#@# Cortical Parc 2 lh Thu Jan 11 20:35:41 UTC 2018
#@# Cortical Parc 2 rh Thu Jan 11 20:36:11 UTC 2018
#@# Parcellation Stats 2 lh Thu Jan 11 20:36:41 UTC 2018
#@# Parcellation Stats 2 rh Thu Jan 11 20:37:50 UTC 2018
#@# Cortical Parc 3 lh Thu Jan 11 20:38:59 UTC 2018
#@# Cortical Parc 3 rh Thu Jan 11 20:39:22 UTC 2018
#@# Parcellation Stats 3 lh Thu Jan 11 20:39:46 UTC 2018
#@# Parcellation Stats 3 rh Thu Jan 11 20:40:53 UTC 2018
#@# WM/GM Contrast lh Thu Jan 11 20:41:59 UTC 2018
#@# WM/GM Contrast rh Thu Jan 11 20:42:13 UTC 2018
#@# Relabel Hypointensities Thu Jan 11 20:42:22 UTC 2018
#@# AParc-to-ASeg aparc Thu Jan 11 20:42:58 UTC 2018
#@# AParc-to-ASeg a2009s Thu Jan 11 20:51:13 UTC 2018
#@# AParc-to-ASeg DKTatlas Thu Jan 11 20:59:27 UTC 2018
#@# APas-to-ASeg Thu Jan 11 21:07:41 UTC 2018
#@# ASeg Stats Thu Jan 11 21:07:51 UTC 2018
#@# WMParc Thu Jan 11 21:14:32 UTC 2018
#@# BA_exvivo Labels lh Thu Jan 11 21:31:50 UTC 2018
#@# BA_exvivo Labels rh Thu Jan 11 21:39:56 UTC 2018
recon-all -s 3610 finished without error at Thu Jan 11 21:47:39 UTC 2018
