status file for recon-all
Sat Jan 13 22:05:07 UTC 2018
#@# MotionCor Sat Jan 13 22:05:18 UTC 2018
#@# Talairach Sat Jan 13 22:05:32 UTC 2018
#@# Talairach Failure Detection Sat Jan 13 22:13:47 UTC 2018
#@# Nu Intensity Correction Sat Jan 13 22:13:47 UTC 2018
#@# Intensity Normalization Sat Jan 13 22:26:13 UTC 2018
#@# Skull Stripping Sat Jan 13 22:30:08 UTC 2018
#@# EM Registration Sat Jan 13 23:19:33 UTC 2018
#@# CA Normalize Sat Jan 13 23:53:51 UTC 2018
#@# CA Reg Sat Jan 13 23:56:51 UTC 2018
#@# SubCort Seg Sun Jan 14 04:42:25 UTC 2018
#@# Merge ASeg Sun Jan 14 06:20:01 UTC 2018
#@# Intensity Normalization2 Sun Jan 14 06:20:01 UTC 2018
#@# Mask BFS Sun Jan 14 06:26:02 UTC 2018
#@# WM Segmentation Sun Jan 14 06:26:06 UTC 2018
#@# Fill Sun Jan 14 06:29:44 UTC 2018
#@# Tessellate lh Sun Jan 14 06:31:09 UTC 2018
#@# Tessellate rh Sun Jan 14 06:31:19 UTC 2018
#@# Smooth1 lh Sun Jan 14 06:31:29 UTC 2018
#@# Smooth1 rh Sun Jan 14 06:31:39 UTC 2018
#@# Inflation1 lh Sun Jan 14 06:31:48 UTC 2018
#@# Inflation1 rh Sun Jan 14 06:32:44 UTC 2018
#@# QSphere lh Sun Jan 14 06:33:41 UTC 2018
#@# QSphere rh Sun Jan 14 06:40:01 UTC 2018
#@# Fix Topology Copy lh Sun Jan 14 06:46:08 UTC 2018
#@# Fix Topology Copy rh Sun Jan 14 06:46:08 UTC 2018
#@# Fix Topology lh Sun Jan 14 06:46:08 UTC 2018
#@# Fix Topology rh Sun Jan 14 07:34:45 UTC 2018
#@# Make White Surf lh Sun Jan 14 08:17:13 UTC 2018
#@# Make White Surf rh Sun Jan 14 08:26:01 UTC 2018
#@# Smooth2 lh Sun Jan 14 08:34:56 UTC 2018
#@# Smooth2 rh Sun Jan 14 08:35:05 UTC 2018
#@# Inflation2 lh Sun Jan 14 08:35:14 UTC 2018
#@# Inflation2 rh Sun Jan 14 08:36:10 UTC 2018
#@# Curv .H and .K lh Sun Jan 14 08:37:09 UTC 2018
#@# Curv .H and .K rh Sun Jan 14 08:39:40 UTC 2018
#@# Curvature Stats lh Sun Jan 14 08:42:09 UTC 2018
#@# Curvature Stats rh Sun Jan 14 08:42:16 UTC 2018
#@# Sphere lh Sun Jan 14 08:42:22 UTC 2018
#@# Sphere rh Sun Jan 14 10:04:02 UTC 2018
#@# Surf Reg lh Sun Jan 14 11:20:27 UTC 2018
#@# Surf Reg rh Sun Jan 14 12:53:02 UTC 2018
#@# Jacobian white lh Sun Jan 14 14:21:17 UTC 2018
#@# Jacobian white rh Sun Jan 14 14:21:20 UTC 2018
#@# AvgCurv lh Sun Jan 14 14:21:23 UTC 2018
#@# AvgCurv rh Sun Jan 14 14:21:26 UTC 2018
#@# Cortical Parc lh Sun Jan 14 14:21:28 UTC 2018
#@# Cortical Parc rh Sun Jan 14 14:21:53 UTC 2018
#@# Make Pial Surf lh Sun Jan 14 14:22:16 UTC 2018
#@# Make Pial Surf rh Sun Jan 14 14:45:53 UTC 2018
#@# Surf Volume lh Sun Jan 14 15:09:47 UTC 2018
#@# Surf Volume rh Sun Jan 14 15:09:53 UTC 2018
#@# Cortical ribbon mask Sun Jan 14 15:09:58 UTC 2018
#@# Parcellation Stats lh Sun Jan 14 15:41:29 UTC 2018
#@# Parcellation Stats rh Sun Jan 14 15:43:43 UTC 2018
#@# Cortical Parc 2 lh Sun Jan 14 15:45:59 UTC 2018
#@# Cortical Parc 2 rh Sun Jan 14 15:46:29 UTC 2018
#@# Parcellation Stats 2 lh Sun Jan 14 15:47:00 UTC 2018
#@# Parcellation Stats 2 rh Sun Jan 14 15:48:09 UTC 2018
#@# Cortical Parc 3 lh Sun Jan 14 15:49:24 UTC 2018
#@# Cortical Parc 3 rh Sun Jan 14 15:49:47 UTC 2018
#@# Parcellation Stats 3 lh Sun Jan 14 15:50:11 UTC 2018
#@# Parcellation Stats 3 rh Sun Jan 14 15:51:18 UTC 2018
#@# WM/GM Contrast lh Sun Jan 14 15:52:26 UTC 2018
#@# WM/GM Contrast rh Sun Jan 14 15:52:37 UTC 2018
#@# Relabel Hypointensities Sun Jan 14 15:52:47 UTC 2018
#@# AParc-to-ASeg aparc Sun Jan 14 15:53:23 UTC 2018
#@# AParc-to-ASeg a2009s Sun Jan 14 16:03:12 UTC 2018
#@# AParc-to-ASeg DKTatlas Sun Jan 14 16:12:47 UTC 2018
#@# APas-to-ASeg Sun Jan 14 16:22:30 UTC 2018
#@# ASeg Stats Sun Jan 14 16:22:40 UTC 2018
#@# WMParc Sun Jan 14 16:27:23 UTC 2018
#@# BA_exvivo Labels lh Sun Jan 14 16:43:34 UTC 2018
#@# BA_exvivo Labels rh Sun Jan 14 16:51:46 UTC 2018
recon-all -s 3823 finished without error at Sun Jan 14 17:00:09 UTC 2018
