status file for recon-all
Sat Jan 13 22:04:48 UTC 2018
#@# MotionCor Sat Jan 13 22:04:54 UTC 2018
#@# Talairach Sat Jan 13 22:05:15 UTC 2018
#@# Talairach Failure Detection Sat Jan 13 22:13:32 UTC 2018
#@# Nu Intensity Correction Sat Jan 13 22:13:32 UTC 2018
#@# Intensity Normalization Sat Jan 13 22:25:34 UTC 2018
#@# Skull Stripping Sat Jan 13 22:29:20 UTC 2018
#@# EM Registration Sat Jan 13 23:17:51 UTC 2018
#@# CA Normalize Sat Jan 13 23:47:48 UTC 2018
#@# CA Reg Sat Jan 13 23:50:45 UTC 2018
#@# SubCort Seg Sun Jan 14 04:15:21 UTC 2018
#@# Merge ASeg Sun Jan 14 05:55:34 UTC 2018
#@# Intensity Normalization2 Sun Jan 14 05:55:34 UTC 2018
#@# Mask BFS Sun Jan 14 06:01:40 UTC 2018
#@# WM Segmentation Sun Jan 14 06:01:43 UTC 2018
#@# Fill Sun Jan 14 06:05:03 UTC 2018
#@# Tessellate lh Sun Jan 14 06:06:28 UTC 2018
#@# Tessellate rh Sun Jan 14 06:06:38 UTC 2018
#@# Smooth1 lh Sun Jan 14 06:06:47 UTC 2018
#@# Smooth1 rh Sun Jan 14 06:06:55 UTC 2018
#@# Inflation1 lh Sun Jan 14 06:07:04 UTC 2018
#@# Inflation1 rh Sun Jan 14 06:07:59 UTC 2018
#@# QSphere lh Sun Jan 14 06:08:52 UTC 2018
#@# QSphere rh Sun Jan 14 06:14:23 UTC 2018
#@# Fix Topology Copy lh Sun Jan 14 06:19:38 UTC 2018
#@# Fix Topology Copy rh Sun Jan 14 06:19:38 UTC 2018
#@# Fix Topology lh Sun Jan 14 06:19:38 UTC 2018
#@# Fix Topology rh Sun Jan 14 06:56:47 UTC 2018
#@# Make White Surf lh Sun Jan 14 07:51:44 UTC 2018
#@# Make White Surf rh Sun Jan 14 08:00:02 UTC 2018
#@# Smooth2 lh Sun Jan 14 08:07:58 UTC 2018
#@# Smooth2 rh Sun Jan 14 08:08:06 UTC 2018
#@# Inflation2 lh Sun Jan 14 08:08:14 UTC 2018
#@# Inflation2 rh Sun Jan 14 08:09:07 UTC 2018
#@# Curv .H and .K lh Sun Jan 14 08:09:56 UTC 2018
#@# Curv .H and .K rh Sun Jan 14 08:12:04 UTC 2018
#@# Curvature Stats lh Sun Jan 14 08:14:15 UTC 2018
#@# Curvature Stats rh Sun Jan 14 08:14:21 UTC 2018
#@# Sphere lh Sun Jan 14 08:14:26 UTC 2018
#@# Sphere rh Sun Jan 14 09:15:34 UTC 2018
#@# Surf Reg lh Sun Jan 14 10:37:06 UTC 2018
#@# Surf Reg rh Sun Jan 14 11:55:48 UTC 2018
#@# Jacobian white lh Sun Jan 14 13:16:21 UTC 2018
#@# Jacobian white rh Sun Jan 14 13:16:24 UTC 2018
#@# AvgCurv lh Sun Jan 14 13:16:27 UTC 2018
#@# AvgCurv rh Sun Jan 14 13:16:30 UTC 2018
#@# Cortical Parc lh Sun Jan 14 13:16:32 UTC 2018
#@# Cortical Parc rh Sun Jan 14 13:16:56 UTC 2018
#@# Make Pial Surf lh Sun Jan 14 13:17:20 UTC 2018
#@# Make Pial Surf rh Sun Jan 14 13:40:18 UTC 2018
#@# Surf Volume lh Sun Jan 14 14:02:58 UTC 2018
#@# Surf Volume rh Sun Jan 14 14:03:03 UTC 2018
#@# Cortical ribbon mask Sun Jan 14 14:03:08 UTC 2018
#@# Parcellation Stats lh Sun Jan 14 14:29:07 UTC 2018
#@# Parcellation Stats rh Sun Jan 14 14:31:12 UTC 2018
#@# Cortical Parc 2 lh Sun Jan 14 14:33:18 UTC 2018
#@# Cortical Parc 2 rh Sun Jan 14 14:33:46 UTC 2018
#@# Parcellation Stats 2 lh Sun Jan 14 14:34:14 UTC 2018
#@# Parcellation Stats 2 rh Sun Jan 14 14:35:13 UTC 2018
#@# Cortical Parc 3 lh Sun Jan 14 14:36:18 UTC 2018
#@# Cortical Parc 3 rh Sun Jan 14 14:36:40 UTC 2018
#@# Parcellation Stats 3 lh Sun Jan 14 14:37:02 UTC 2018
#@# Parcellation Stats 3 rh Sun Jan 14 14:38:01 UTC 2018
#@# WM/GM Contrast lh Sun Jan 14 14:39:03 UTC 2018
#@# WM/GM Contrast rh Sun Jan 14 14:39:13 UTC 2018
#@# Relabel Hypointensities Sun Jan 14 14:39:22 UTC 2018
#@# AParc-to-ASeg aparc Sun Jan 14 14:39:57 UTC 2018
#@# AParc-to-ASeg a2009s Sun Jan 14 14:48:36 UTC 2018
#@# AParc-to-ASeg DKTatlas Sun Jan 14 14:56:50 UTC 2018
#@# APas-to-ASeg Sun Jan 14 15:05:10 UTC 2018
#@# ASeg Stats Sun Jan 14 15:05:20 UTC 2018
#@# WMParc Sun Jan 14 15:11:07 UTC 2018
#@# BA_exvivo Labels lh Sun Jan 14 15:27:25 UTC 2018
#@# BA_exvivo Labels rh Sun Jan 14 15:35:03 UTC 2018
recon-all -s 3819 finished without error at Sun Jan 14 15:42:34 UTC 2018
