status file for recon-all
Sun Dec 31 21:48:14 UTC 2017
#@# MotionCor Sun Dec 31 21:48:38 UTC 2017
#@# Talairach Sun Dec 31 21:49:12 UTC 2017
#@# Talairach Failure Detection Sun Dec 31 21:54:41 UTC 2017
#@# Nu Intensity Correction Sun Dec 31 21:54:41 UTC 2017
#@# Intensity Normalization Sun Dec 31 22:00:45 UTC 2017
#@# Skull Stripping Sun Dec 31 22:06:12 UTC 2017
#@# EM Registration Sun Dec 31 23:12:43 UTC 2017
#@# CA Normalize Sun Dec 31 23:56:04 UTC 2017
#@# CA Reg Sun Dec 31 23:59:17 UTC 2017
#@# SubCort Seg Mon Jan  1 06:12:04 UTC 2018
#@# Merge ASeg Mon Jan  1 08:49:46 UTC 2018
#@# Intensity Normalization2 Mon Jan  1 08:49:46 UTC 2018
#@# Mask BFS Mon Jan  1 08:55:54 UTC 2018
#@# WM Segmentation Mon Jan  1 08:55:57 UTC 2018
#@# Fill Mon Jan  1 09:00:18 UTC 2018
#@# Tessellate lh Mon Jan  1 09:01:36 UTC 2018
#@# Tessellate rh Mon Jan  1 09:01:48 UTC 2018
#@# Smooth1 lh Mon Jan  1 09:01:59 UTC 2018
#@# Smooth1 rh Mon Jan  1 09:02:10 UTC 2018
#@# Inflation1 lh Mon Jan  1 09:02:19 UTC 2018
#@# Inflation1 rh Mon Jan  1 09:03:25 UTC 2018
#@# QSphere lh Mon Jan  1 09:04:27 UTC 2018
#@# QSphere rh Mon Jan  1 09:10:59 UTC 2018
#@# Fix Topology Copy lh Mon Jan  1 09:17:18 UTC 2018
#@# Fix Topology Copy rh Mon Jan  1 09:17:18 UTC 2018
#@# Fix Topology lh Mon Jan  1 09:17:18 UTC 2018
#@# Fix Topology rh Mon Jan  1 11:20:52 UTC 2018
#@# Make White Surf lh Mon Jan  1 12:37:15 UTC 2018
#@# Make White Surf rh Mon Jan  1 12:45:42 UTC 2018
#@# Smooth2 lh Mon Jan  1 12:54:28 UTC 2018
#@# Smooth2 rh Mon Jan  1 12:54:38 UTC 2018
#@# Inflation2 lh Mon Jan  1 12:54:47 UTC 2018
#@# Inflation2 rh Mon Jan  1 12:55:51 UTC 2018
#@# Curv .H and .K lh Mon Jan  1 12:56:53 UTC 2018
#@# Curv .H and .K rh Mon Jan  1 12:59:33 UTC 2018
#@# Curvature Stats lh Mon Jan  1 13:02:07 UTC 2018
#@# Curvature Stats rh Mon Jan  1 13:02:13 UTC 2018
#@# Sphere lh Mon Jan  1 13:02:20 UTC 2018
#@# Sphere rh Mon Jan  1 14:34:23 UTC 2018
#@# Surf Reg lh Mon Jan  1 16:01:13 UTC 2018
#@# Surf Reg rh Mon Jan  1 17:48:28 UTC 2018
#@# Jacobian white lh Mon Jan  1 19:41:43 UTC 2018
#@# Jacobian white rh Mon Jan  1 19:41:47 UTC 2018
#@# AvgCurv lh Mon Jan  1 19:41:50 UTC 2018
#@# AvgCurv rh Mon Jan  1 19:41:53 UTC 2018
#@# Cortical Parc lh Mon Jan  1 19:41:56 UTC 2018
#@# Cortical Parc rh Mon Jan  1 19:42:22 UTC 2018
#@# Make Pial Surf lh Mon Jan  1 19:42:45 UTC 2018
#@# Make Pial Surf rh Mon Jan  1 20:09:39 UTC 2018
#@# Surf Volume lh Mon Jan  1 20:35:43 UTC 2018
#@# Surf Volume rh Mon Jan  1 20:35:49 UTC 2018
#@# Cortical ribbon mask Mon Jan  1 20:35:55 UTC 2018
#@# Parcellation Stats lh Mon Jan  1 20:58:04 UTC 2018
#@# Parcellation Stats rh Mon Jan  1 21:00:34 UTC 2018
#@# Cortical Parc 2 lh Mon Jan  1 21:03:03 UTC 2018
#@# Cortical Parc 2 rh Mon Jan  1 21:03:36 UTC 2018
#@# Parcellation Stats 2 lh Mon Jan  1 21:04:09 UTC 2018
#@# Parcellation Stats 2 rh Mon Jan  1 21:05:27 UTC 2018
#@# Cortical Parc 3 lh Mon Jan  1 21:06:45 UTC 2018
#@# Cortical Parc 3 rh Mon Jan  1 21:07:10 UTC 2018
#@# Parcellation Stats 3 lh Mon Jan  1 21:07:34 UTC 2018
#@# Parcellation Stats 3 rh Mon Jan  1 21:08:46 UTC 2018
#@# WM/GM Contrast lh Mon Jan  1 21:10:03 UTC 2018
#@# WM/GM Contrast rh Mon Jan  1 21:10:19 UTC 2018
#@# Relabel Hypointensities Mon Jan  1 21:10:33 UTC 2018
#@# AParc-to-ASeg aparc Mon Jan  1 21:11:12 UTC 2018
#@# AParc-to-ASeg a2009s Mon Jan  1 21:19:36 UTC 2018
#@# AParc-to-ASeg DKTatlas Mon Jan  1 21:27:43 UTC 2018
#@# APas-to-ASeg Mon Jan  1 21:35:39 UTC 2018
#@# ASeg Stats Mon Jan  1 21:35:49 UTC 2018
#@# WMParc Mon Jan  1 21:39:45 UTC 2018
#@# BA_exvivo Labels lh Mon Jan  1 21:56:39 UTC 2018
#@# BA_exvivo Labels rh Mon Jan  1 22:05:24 UTC 2018
recon-all -s 3219 finished without error at Mon Jan  1 22:14:18 UTC 2018
