status file for recon-all
Sun Dec 31 07:45:32 UTC 2017
#@# MotionCor Sun Dec 31 07:46:38 UTC 2017
#@# Talairach Sun Dec 31 07:51:52 UTC 2017
#@# Talairach Failure Detection Sun Dec 31 08:41:28 UTC 2017
#@# Nu Intensity Correction Sun Dec 31 08:41:29 UTC 2017
#@# Intensity Normalization Sun Dec 31 09:08:42 UTC 2017
#@# Skull Stripping Sun Dec 31 09:13:01 UTC 2017
#@# EM Registration Sun Dec 31 09:56:19 UTC 2017
#@# CA Normalize Sun Dec 31 10:29:30 UTC 2017
#@# CA Reg Sun Dec 31 10:32:53 UTC 2017
#@# SubCort Seg Sun Dec 31 15:37:09 UTC 2017
#@# Merge ASeg Sun Dec 31 17:11:00 UTC 2017
#@# Intensity Normalization2 Sun Dec 31 17:11:00 UTC 2017
#@# Mask BFS Sun Dec 31 17:17:10 UTC 2017
#@# WM Segmentation Sun Dec 31 17:17:13 UTC 2017
#@# Fill Sun Dec 31 17:20:49 UTC 2017
#@# Tessellate lh Sun Dec 31 17:22:10 UTC 2017
#@# Tessellate rh Sun Dec 31 17:22:20 UTC 2017
#@# Smooth1 lh Sun Dec 31 17:22:30 UTC 2017
#@# Smooth1 rh Sun Dec 31 17:22:39 UTC 2017
#@# Inflation1 lh Sun Dec 31 17:22:47 UTC 2017
#@# Inflation1 rh Sun Dec 31 17:23:38 UTC 2017
#@# QSphere lh Sun Dec 31 17:24:29 UTC 2017
#@# QSphere rh Sun Dec 31 17:30:02 UTC 2017
#@# Fix Topology Copy lh Sun Dec 31 17:35:29 UTC 2017
#@# Fix Topology Copy rh Sun Dec 31 17:35:29 UTC 2017
#@# Fix Topology lh Sun Dec 31 17:35:29 UTC 2017
#@# Fix Topology rh Sun Dec 31 18:20:33 UTC 2017
#@# Make White Surf lh Sun Dec 31 19:14:18 UTC 2017
#@# Make White Surf rh Sun Dec 31 19:22:56 UTC 2017
#@# Smooth2 lh Sun Dec 31 19:31:22 UTC 2017
#@# Smooth2 rh Sun Dec 31 19:31:30 UTC 2017
#@# Inflation2 lh Sun Dec 31 19:31:38 UTC 2017
#@# Inflation2 rh Sun Dec 31 19:32:29 UTC 2017
#@# Curv .H and .K lh Sun Dec 31 19:33:21 UTC 2017
#@# Curv .H and .K rh Sun Dec 31 19:35:34 UTC 2017
#@# Curvature Stats lh Sun Dec 31 19:37:46 UTC 2017
#@# Curvature Stats rh Sun Dec 31 19:37:52 UTC 2017
#@# Sphere lh Sun Dec 31 19:37:58 UTC 2017
#@# Sphere rh Sun Dec 31 20:38:41 UTC 2017
#@# Surf Reg lh Sun Dec 31 21:52:31 UTC 2017
#@# Surf Reg rh Sun Dec 31 23:22:44 UTC 2017
#@# Jacobian white lh Mon Jan  1 00:56:28 UTC 2018
#@# Jacobian white rh Mon Jan  1 00:56:32 UTC 2018
#@# AvgCurv lh Mon Jan  1 00:56:36 UTC 2018
#@# AvgCurv rh Mon Jan  1 00:56:41 UTC 2018
#@# Cortical Parc lh Mon Jan  1 00:56:45 UTC 2018
#@# Cortical Parc rh Mon Jan  1 00:57:19 UTC 2018
#@# Make Pial Surf lh Mon Jan  1 00:57:51 UTC 2018
#@# Make Pial Surf rh Mon Jan  1 01:28:08 UTC 2018
#@# Surf Volume lh Mon Jan  1 01:58:40 UTC 2018
#@# Surf Volume rh Mon Jan  1 01:58:50 UTC 2018
#@# Cortical ribbon mask Mon Jan  1 01:58:58 UTC 2018
#@# Parcellation Stats lh Mon Jan  1 02:31:00 UTC 2018
#@# Parcellation Stats rh Mon Jan  1 02:33:58 UTC 2018
#@# Cortical Parc 2 lh Mon Jan  1 02:37:05 UTC 2018
#@# Cortical Parc 2 rh Mon Jan  1 02:37:48 UTC 2018
#@# Parcellation Stats 2 lh Mon Jan  1 02:38:33 UTC 2018
#@# Parcellation Stats 2 rh Mon Jan  1 02:40:07 UTC 2018
#@# Cortical Parc 3 lh Mon Jan  1 02:41:37 UTC 2018
#@# Cortical Parc 3 rh Mon Jan  1 02:42:11 UTC 2018
#@# Parcellation Stats 3 lh Mon Jan  1 02:42:49 UTC 2018
#@# Parcellation Stats 3 rh Mon Jan  1 02:44:16 UTC 2018
#@# WM/GM Contrast lh Mon Jan  1 02:45:46 UTC 2018
#@# WM/GM Contrast rh Mon Jan  1 02:46:02 UTC 2018
#@# Relabel Hypointensities Mon Jan  1 02:46:16 UTC 2018
#@# AParc-to-ASeg aparc Mon Jan  1 02:47:14 UTC 2018
#@# AParc-to-ASeg a2009s Mon Jan  1 03:00:32 UTC 2018
#@# AParc-to-ASeg DKTatlas Mon Jan  1 03:13:15 UTC 2018
#@# APas-to-ASeg Mon Jan  1 03:26:08 UTC 2018
#@# ASeg Stats Mon Jan  1 03:26:27 UTC 2018
#@# WMParc Mon Jan  1 03:36:56 UTC 2018
#@# BA_exvivo Labels lh Mon Jan  1 04:09:06 UTC 2018
#@# BA_exvivo Labels rh Mon Jan  1 04:20:48 UTC 2018
recon-all -s 3165 finished without error at Mon Jan  1 04:32:40 UTC 2018
