status file for recon-all
Mon Jan 15 18:48:45 UTC 2018
#@# MotionCor Mon Jan 15 18:49:16 UTC 2018
#@# Talairach Mon Jan 15 18:49:35 UTC 2018
#@# Talairach Failure Detection Mon Jan 15 18:59:17 UTC 2018
#@# Nu Intensity Correction Mon Jan 15 18:59:18 UTC 2018
#@# Intensity Normalization Mon Jan 15 19:17:37 UTC 2018
#@# Skull Stripping Mon Jan 15 19:21:14 UTC 2018
#@# EM Registration Mon Jan 15 20:02:57 UTC 2018
#@# CA Normalize Mon Jan 15 20:38:19 UTC 2018
#@# CA Reg Mon Jan 15 20:41:43 UTC 2018
#@# SubCort Seg Tue Jan 16 01:48:30 UTC 2018
#@# Merge ASeg Tue Jan 16 04:05:43 UTC 2018
#@# Intensity Normalization2 Tue Jan 16 04:05:43 UTC 2018
#@# Mask BFS Tue Jan 16 04:11:24 UTC 2018
#@# WM Segmentation Tue Jan 16 04:11:26 UTC 2018
#@# Fill Tue Jan 16 04:15:22 UTC 2018
#@# Tessellate lh Tue Jan 16 04:16:44 UTC 2018
#@# Tessellate rh Tue Jan 16 04:16:53 UTC 2018
#@# Smooth1 lh Tue Jan 16 04:17:02 UTC 2018
#@# Smooth1 rh Tue Jan 16 04:17:10 UTC 2018
#@# Inflation1 lh Tue Jan 16 04:17:18 UTC 2018
#@# Inflation1 rh Tue Jan 16 04:18:11 UTC 2018
#@# QSphere lh Tue Jan 16 04:19:04 UTC 2018
#@# QSphere rh Tue Jan 16 04:24:28 UTC 2018
#@# Fix Topology Copy lh Tue Jan 16 04:30:37 UTC 2018
#@# Fix Topology Copy rh Tue Jan 16 04:30:37 UTC 2018
#@# Fix Topology lh Tue Jan 16 04:30:37 UTC 2018
#@# Fix Topology rh Tue Jan 16 05:36:02 UTC 2018
#@# Make White Surf lh Tue Jan 16 06:31:16 UTC 2018
#@# Make White Surf rh Tue Jan 16 06:38:39 UTC 2018
#@# Smooth2 lh Tue Jan 16 06:45:54 UTC 2018
#@# Smooth2 rh Tue Jan 16 06:46:02 UTC 2018
#@# Inflation2 lh Tue Jan 16 06:46:09 UTC 2018
#@# Inflation2 rh Tue Jan 16 06:47:03 UTC 2018
#@# Curv .H and .K lh Tue Jan 16 06:47:59 UTC 2018
#@# Curv .H and .K rh Tue Jan 16 06:50:08 UTC 2018
#@# Curvature Stats lh Tue Jan 16 06:52:22 UTC 2018
#@# Curvature Stats rh Tue Jan 16 06:52:28 UTC 2018
#@# Sphere lh Tue Jan 16 06:52:34 UTC 2018
#@# Sphere rh Tue Jan 16 08:03:18 UTC 2018
#@# Surf Reg lh Tue Jan 16 10:08:21 UTC 2018
#@# Surf Reg rh Tue Jan 16 11:19:23 UTC 2018
#@# Jacobian white lh Tue Jan 16 12:44:34 UTC 2018
#@# Jacobian white rh Tue Jan 16 12:44:36 UTC 2018
#@# AvgCurv lh Tue Jan 16 12:44:39 UTC 2018
#@# AvgCurv rh Tue Jan 16 12:44:41 UTC 2018
#@# Cortical Parc lh Tue Jan 16 12:44:44 UTC 2018
#@# Cortical Parc rh Tue Jan 16 12:45:03 UTC 2018
#@# Make Pial Surf lh Tue Jan 16 12:45:24 UTC 2018
#@# Make Pial Surf rh Tue Jan 16 13:07:59 UTC 2018
#@# Surf Volume lh Tue Jan 16 13:30:46 UTC 2018
#@# Surf Volume rh Tue Jan 16 13:30:50 UTC 2018
#@# Cortical ribbon mask Tue Jan 16 13:30:54 UTC 2018
#@# Parcellation Stats lh Tue Jan 16 13:49:16 UTC 2018
#@# Parcellation Stats rh Tue Jan 16 13:51:18 UTC 2018
#@# Cortical Parc 2 lh Tue Jan 16 13:53:21 UTC 2018
#@# Cortical Parc 2 rh Tue Jan 16 13:53:48 UTC 2018
#@# Parcellation Stats 2 lh Tue Jan 16 13:54:14 UTC 2018
#@# Parcellation Stats 2 rh Tue Jan 16 13:55:17 UTC 2018
#@# Cortical Parc 3 lh Tue Jan 16 13:56:19 UTC 2018
#@# Cortical Parc 3 rh Tue Jan 16 13:56:40 UTC 2018
#@# Parcellation Stats 3 lh Tue Jan 16 13:57:02 UTC 2018
#@# Parcellation Stats 3 rh Tue Jan 16 13:58:01 UTC 2018
#@# WM/GM Contrast lh Tue Jan 16 13:59:02 UTC 2018
#@# WM/GM Contrast rh Tue Jan 16 13:59:12 UTC 2018
#@# Relabel Hypointensities Tue Jan 16 13:59:21 UTC 2018
#@# AParc-to-ASeg aparc Tue Jan 16 13:59:54 UTC 2018
#@# AParc-to-ASeg a2009s Tue Jan 16 14:07:57 UTC 2018
#@# AParc-to-ASeg DKTatlas Tue Jan 16 14:15:50 UTC 2018
#@# APas-to-ASeg Tue Jan 16 14:23:44 UTC 2018
#@# ASeg Stats Tue Jan 16 14:23:54 UTC 2018
#@# WMParc Tue Jan 16 14:28:47 UTC 2018
#@# BA_exvivo Labels lh Tue Jan 16 14:43:46 UTC 2018
#@# BA_exvivo Labels rh Tue Jan 16 14:51:19 UTC 2018
recon-all -s 4057 finished without error at Tue Jan 16 14:58:40 UTC 2018
