status file for recon-all
Sat Jan 13 22:04:05 UTC 2018
#@# MotionCor Sat Jan 13 22:04:10 UTC 2018
#@# Talairach Sat Jan 13 22:04:24 UTC 2018
#@# Talairach Failure Detection Sat Jan 13 22:13:49 UTC 2018
#@# Nu Intensity Correction Sat Jan 13 22:13:49 UTC 2018
#@# Intensity Normalization Sat Jan 13 22:28:35 UTC 2018
#@# Skull Stripping Sat Jan 13 22:32:00 UTC 2018
#@# EM Registration Sat Jan 13 23:09:35 UTC 2018
#@# CA Normalize Sat Jan 13 23:47:04 UTC 2018
#@# CA Reg Sat Jan 13 23:49:59 UTC 2018
#@# SubCort Seg Sun Jan 14 04:25:58 UTC 2018
#@# Merge ASeg Sun Jan 14 06:10:29 UTC 2018
#@# Intensity Normalization2 Sun Jan 14 06:10:29 UTC 2018
#@# Mask BFS Sun Jan 14 06:16:43 UTC 2018
#@# WM Segmentation Sun Jan 14 06:16:46 UTC 2018
#@# Fill Sun Jan 14 06:20:26 UTC 2018
#@# Tessellate lh Sun Jan 14 06:21:49 UTC 2018
#@# Tessellate rh Sun Jan 14 06:21:59 UTC 2018
#@# Smooth1 lh Sun Jan 14 06:22:08 UTC 2018
#@# Smooth1 rh Sun Jan 14 06:22:17 UTC 2018
#@# Inflation1 lh Sun Jan 14 06:22:25 UTC 2018
#@# Inflation1 rh Sun Jan 14 06:23:22 UTC 2018
#@# QSphere lh Sun Jan 14 06:24:14 UTC 2018
#@# QSphere rh Sun Jan 14 06:29:46 UTC 2018
#@# Fix Topology Copy lh Sun Jan 14 06:35:22 UTC 2018
#@# Fix Topology Copy rh Sun Jan 14 06:35:22 UTC 2018
#@# Fix Topology lh Sun Jan 14 06:35:22 UTC 2018
#@# Fix Topology rh Sun Jan 14 07:38:43 UTC 2018
#@# Make White Surf lh Sun Jan 14 08:13:57 UTC 2018
#@# Make White Surf rh Sun Jan 14 08:22:44 UTC 2018
#@# Smooth2 lh Sun Jan 14 08:31:11 UTC 2018
#@# Smooth2 rh Sun Jan 14 08:31:19 UTC 2018
#@# Inflation2 lh Sun Jan 14 08:31:27 UTC 2018
#@# Inflation2 rh Sun Jan 14 08:32:20 UTC 2018
#@# Curv .H and .K lh Sun Jan 14 08:33:13 UTC 2018
#@# Curv .H and .K rh Sun Jan 14 08:35:32 UTC 2018
#@# Curvature Stats lh Sun Jan 14 08:37:50 UTC 2018
#@# Curvature Stats rh Sun Jan 14 08:37:56 UTC 2018
#@# Sphere lh Sun Jan 14 08:38:02 UTC 2018
#@# Sphere rh Sun Jan 14 09:54:33 UTC 2018
#@# Surf Reg lh Sun Jan 14 11:18:14 UTC 2018
#@# Surf Reg rh Sun Jan 14 13:03:04 UTC 2018
#@# Jacobian white lh Sun Jan 14 14:22:08 UTC 2018
#@# Jacobian white rh Sun Jan 14 14:22:11 UTC 2018
#@# AvgCurv lh Sun Jan 14 14:22:14 UTC 2018
#@# AvgCurv rh Sun Jan 14 14:22:16 UTC 2018
#@# Cortical Parc lh Sun Jan 14 14:22:19 UTC 2018
#@# Cortical Parc rh Sun Jan 14 14:22:40 UTC 2018
#@# Make Pial Surf lh Sun Jan 14 14:23:02 UTC 2018
#@# Make Pial Surf rh Sun Jan 14 14:46:33 UTC 2018
#@# Surf Volume lh Sun Jan 14 15:09:36 UTC 2018
#@# Surf Volume rh Sun Jan 14 15:09:41 UTC 2018
#@# Cortical ribbon mask Sun Jan 14 15:09:47 UTC 2018
#@# Parcellation Stats lh Sun Jan 14 15:31:54 UTC 2018
#@# Parcellation Stats rh Sun Jan 14 15:34:10 UTC 2018
#@# Cortical Parc 2 lh Sun Jan 14 15:36:24 UTC 2018
#@# Cortical Parc 2 rh Sun Jan 14 15:36:54 UTC 2018
#@# Parcellation Stats 2 lh Sun Jan 14 15:37:24 UTC 2018
#@# Parcellation Stats 2 rh Sun Jan 14 15:38:31 UTC 2018
#@# Cortical Parc 3 lh Sun Jan 14 15:39:37 UTC 2018
#@# Cortical Parc 3 rh Sun Jan 14 15:40:01 UTC 2018
#@# Parcellation Stats 3 lh Sun Jan 14 15:40:24 UTC 2018
#@# Parcellation Stats 3 rh Sun Jan 14 15:41:30 UTC 2018
#@# WM/GM Contrast lh Sun Jan 14 15:42:34 UTC 2018
#@# WM/GM Contrast rh Sun Jan 14 15:42:44 UTC 2018
#@# Relabel Hypointensities Sun Jan 14 15:42:54 UTC 2018
#@# AParc-to-ASeg aparc Sun Jan 14 15:43:27 UTC 2018
#@# AParc-to-ASeg a2009s Sun Jan 14 15:51:37 UTC 2018
#@# AParc-to-ASeg DKTatlas Sun Jan 14 15:59:49 UTC 2018
#@# APas-to-ASeg Sun Jan 14 16:07:50 UTC 2018
#@# ASeg Stats Sun Jan 14 16:08:00 UTC 2018
#@# WMParc Sun Jan 14 16:12:24 UTC 2018
#@# BA_exvivo Labels lh Sun Jan 14 16:28:09 UTC 2018
#@# BA_exvivo Labels rh Sun Jan 14 16:36:06 UTC 2018
recon-all -s 3815 finished without error at Sun Jan 14 16:43:56 UTC 2018
