status file for recon-all
Thu Jan 11 01:03:19 UTC 2018
#@# MotionCor Thu Jan 11 01:03:26 UTC 2018
#@# Talairach Thu Jan 11 01:03:47 UTC 2018
#@# Talairach Failure Detection Thu Jan 11 01:41:25 UTC 2018
#@# Nu Intensity Correction Thu Jan 11 01:41:25 UTC 2018
#@# Intensity Normalization Thu Jan 11 02:01:01 UTC 2018
#@# Skull Stripping Thu Jan 11 02:06:24 UTC 2018
#@# EM Registration Thu Jan 11 03:08:11 UTC 2018
#@# CA Normalize Thu Jan 11 03:53:42 UTC 2018
#@# CA Reg Thu Jan 11 03:57:17 UTC 2018
#@# SubCort Seg Thu Jan 11 10:03:34 UTC 2018
#@# Merge ASeg Thu Jan 11 12:11:22 UTC 2018
#@# Intensity Normalization2 Thu Jan 11 12:11:23 UTC 2018
#@# Mask BFS Thu Jan 11 12:17:35 UTC 2018
#@# WM Segmentation Thu Jan 11 12:17:37 UTC 2018
#@# Fill Thu Jan 11 12:21:32 UTC 2018
#@# Tessellate lh Thu Jan 11 12:22:52 UTC 2018
#@# Tessellate rh Thu Jan 11 12:23:01 UTC 2018
#@# Smooth1 lh Thu Jan 11 12:23:12 UTC 2018
#@# Smooth1 rh Thu Jan 11 12:23:22 UTC 2018
#@# Inflation1 lh Thu Jan 11 12:23:32 UTC 2018
#@# Inflation1 rh Thu Jan 11 12:24:33 UTC 2018
#@# QSphere lh Thu Jan 11 12:25:35 UTC 2018
#@# QSphere rh Thu Jan 11 12:32:15 UTC 2018
#@# Fix Topology Copy lh Thu Jan 11 12:39:00 UTC 2018
#@# Fix Topology Copy rh Thu Jan 11 12:39:00 UTC 2018
#@# Fix Topology lh Thu Jan 11 12:39:00 UTC 2018
#@# Fix Topology rh Thu Jan 11 13:18:03 UTC 2018
#@# Make White Surf lh Thu Jan 11 13:40:17 UTC 2018
#@# Make White Surf rh Thu Jan 11 13:49:05 UTC 2018
#@# Smooth2 lh Thu Jan 11 13:57:15 UTC 2018
#@# Smooth2 rh Thu Jan 11 13:57:24 UTC 2018
#@# Inflation2 lh Thu Jan 11 13:57:33 UTC 2018
#@# Inflation2 rh Thu Jan 11 13:58:40 UTC 2018
#@# Curv .H and .K lh Thu Jan 11 13:59:51 UTC 2018
#@# Curv .H and .K rh Thu Jan 11 14:02:18 UTC 2018
#@# Curvature Stats lh Thu Jan 11 14:04:46 UTC 2018
#@# Curvature Stats rh Thu Jan 11 14:04:52 UTC 2018
#@# Sphere lh Thu Jan 11 14:04:58 UTC 2018
#@# Sphere rh Thu Jan 11 15:38:15 UTC 2018
#@# Surf Reg lh Thu Jan 11 17:17:23 UTC 2018
#@# Surf Reg rh Thu Jan 11 18:47:13 UTC 2018
#@# Jacobian white lh Thu Jan 11 20:29:40 UTC 2018
#@# Jacobian white rh Thu Jan 11 20:29:43 UTC 2018
#@# AvgCurv lh Thu Jan 11 20:29:47 UTC 2018
#@# AvgCurv rh Thu Jan 11 20:29:49 UTC 2018
#@# Cortical Parc lh Thu Jan 11 20:29:52 UTC 2018
#@# Cortical Parc rh Thu Jan 11 20:30:17 UTC 2018
#@# Make Pial Surf lh Thu Jan 11 20:30:44 UTC 2018
#@# Make Pial Surf rh Thu Jan 11 20:55:35 UTC 2018
#@# Surf Volume lh Thu Jan 11 21:20:11 UTC 2018
#@# Surf Volume rh Thu Jan 11 21:20:17 UTC 2018
#@# Cortical ribbon mask Thu Jan 11 21:20:22 UTC 2018
#@# Parcellation Stats lh Thu Jan 11 21:45:49 UTC 2018
#@# Parcellation Stats rh Thu Jan 11 21:48:11 UTC 2018
#@# Cortical Parc 2 lh Thu Jan 11 21:50:32 UTC 2018
#@# Cortical Parc 2 rh Thu Jan 11 21:51:02 UTC 2018
#@# Parcellation Stats 2 lh Thu Jan 11 21:51:34 UTC 2018
#@# Parcellation Stats 2 rh Thu Jan 11 21:52:44 UTC 2018
#@# Cortical Parc 3 lh Thu Jan 11 21:53:56 UTC 2018
#@# Cortical Parc 3 rh Thu Jan 11 21:54:20 UTC 2018
#@# Parcellation Stats 3 lh Thu Jan 11 21:54:44 UTC 2018
#@# Parcellation Stats 3 rh Thu Jan 11 21:55:49 UTC 2018
#@# WM/GM Contrast lh Thu Jan 11 21:56:59 UTC 2018
#@# WM/GM Contrast rh Thu Jan 11 21:57:13 UTC 2018
#@# Relabel Hypointensities Thu Jan 11 21:57:23 UTC 2018
#@# AParc-to-ASeg aparc Thu Jan 11 21:58:00 UTC 2018
#@# AParc-to-ASeg a2009s Thu Jan 11 22:06:06 UTC 2018
#@# AParc-to-ASeg DKTatlas Thu Jan 11 22:14:20 UTC 2018
#@# APas-to-ASeg Thu Jan 11 22:22:29 UTC 2018
#@# ASeg Stats Thu Jan 11 22:22:39 UTC 2018
#@# WMParc Thu Jan 11 22:26:48 UTC 2018
#@# BA_exvivo Labels lh Thu Jan 11 22:43:57 UTC 2018
#@# BA_exvivo Labels rh Thu Jan 11 22:52:25 UTC 2018
recon-all -s 3605 finished without error at Thu Jan 11 23:00:59 UTC 2018
