status file for recon-all
Mon Jan 15 18:48:06 UTC 2018
#@# MotionCor Mon Jan 15 18:48:13 UTC 2018
#@# Talairach Mon Jan 15 18:48:27 UTC 2018
#@# Talairach Failure Detection Mon Jan 15 18:55:34 UTC 2018
#@# Nu Intensity Correction Mon Jan 15 18:55:35 UTC 2018
#@# Intensity Normalization Mon Jan 15 19:16:25 UTC 2018
#@# Skull Stripping Mon Jan 15 19:19:59 UTC 2018
#@# EM Registration Mon Jan 15 20:01:32 UTC 2018
#@# CA Normalize Mon Jan 15 20:41:47 UTC 2018
#@# CA Reg Mon Jan 15 20:45:26 UTC 2018
#@# SubCort Seg Tue Jan 16 02:23:53 UTC 2018
#@# Merge ASeg Tue Jan 16 04:07:33 UTC 2018
#@# Intensity Normalization2 Tue Jan 16 04:07:33 UTC 2018
#@# Mask BFS Tue Jan 16 04:13:18 UTC 2018
#@# WM Segmentation Tue Jan 16 04:13:21 UTC 2018
#@# Fill Tue Jan 16 04:17:00 UTC 2018
#@# Tessellate lh Tue Jan 16 04:18:25 UTC 2018
#@# Tessellate rh Tue Jan 16 04:18:36 UTC 2018
#@# Smooth1 lh Tue Jan 16 04:18:45 UTC 2018
#@# Smooth1 rh Tue Jan 16 04:18:52 UTC 2018
#@# Inflation1 lh Tue Jan 16 04:18:59 UTC 2018
#@# Inflation1 rh Tue Jan 16 04:19:45 UTC 2018
#@# QSphere lh Tue Jan 16 04:20:33 UTC 2018
#@# QSphere rh Tue Jan 16 04:24:52 UTC 2018
#@# Fix Topology Copy lh Tue Jan 16 04:30:07 UTC 2018
#@# Fix Topology Copy rh Tue Jan 16 04:30:07 UTC 2018
#@# Fix Topology lh Tue Jan 16 04:30:07 UTC 2018
#@# Fix Topology rh Tue Jan 16 05:14:50 UTC 2018
#@# Make White Surf lh Tue Jan 16 05:59:44 UTC 2018
#@# Make White Surf rh Tue Jan 16 06:05:50 UTC 2018
#@# Smooth2 lh Tue Jan 16 06:12:09 UTC 2018
#@# Smooth2 rh Tue Jan 16 06:12:16 UTC 2018
#@# Inflation2 lh Tue Jan 16 06:12:22 UTC 2018
#@# Inflation2 rh Tue Jan 16 06:13:06 UTC 2018
#@# Curv .H and .K lh Tue Jan 16 06:13:51 UTC 2018
#@# Curv .H and .K rh Tue Jan 16 06:15:40 UTC 2018
#@# Curvature Stats lh Tue Jan 16 06:17:31 UTC 2018
#@# Curvature Stats rh Tue Jan 16 06:17:36 UTC 2018
#@# Sphere lh Tue Jan 16 06:17:41 UTC 2018
#@# Sphere rh Tue Jan 16 06:53:39 UTC 2018
#@# Surf Reg lh Tue Jan 16 07:30:19 UTC 2018
#@# Surf Reg rh Tue Jan 16 08:30:41 UTC 2018
#@# Jacobian white lh Tue Jan 16 09:49:10 UTC 2018
#@# Jacobian white rh Tue Jan 16 09:49:13 UTC 2018
#@# AvgCurv lh Tue Jan 16 09:49:17 UTC 2018
#@# AvgCurv rh Tue Jan 16 09:49:23 UTC 2018
#@# Cortical Parc lh Tue Jan 16 09:49:25 UTC 2018
#@# Cortical Parc rh Tue Jan 16 09:49:53 UTC 2018
#@# Make Pial Surf lh Tue Jan 16 09:50:13 UTC 2018
#@# Make Pial Surf rh Tue Jan 16 10:08:07 UTC 2018
#@# Surf Volume lh Tue Jan 16 10:27:39 UTC 2018
#@# Surf Volume rh Tue Jan 16 10:27:44 UTC 2018
#@# Cortical ribbon mask Tue Jan 16 10:27:48 UTC 2018
#@# Parcellation Stats lh Tue Jan 16 10:46:32 UTC 2018
#@# Parcellation Stats rh Tue Jan 16 10:48:29 UTC 2018
#@# Cortical Parc 2 lh Tue Jan 16 10:50:27 UTC 2018
#@# Cortical Parc 2 rh Tue Jan 16 10:50:54 UTC 2018
#@# Parcellation Stats 2 lh Tue Jan 16 10:51:25 UTC 2018
#@# Parcellation Stats 2 rh Tue Jan 16 10:52:24 UTC 2018
#@# Cortical Parc 3 lh Tue Jan 16 10:53:26 UTC 2018
#@# Cortical Parc 3 rh Tue Jan 16 10:53:47 UTC 2018
#@# Parcellation Stats 3 lh Tue Jan 16 10:54:09 UTC 2018
#@# Parcellation Stats 3 rh Tue Jan 16 10:55:04 UTC 2018
#@# WM/GM Contrast lh Tue Jan 16 10:56:01 UTC 2018
#@# WM/GM Contrast rh Tue Jan 16 10:56:11 UTC 2018
#@# Relabel Hypointensities Tue Jan 16 10:56:20 UTC 2018
#@# AParc-to-ASeg aparc Tue Jan 16 10:56:57 UTC 2018
#@# AParc-to-ASeg a2009s Tue Jan 16 11:04:52 UTC 2018
#@# AParc-to-ASeg DKTatlas Tue Jan 16 11:12:35 UTC 2018
#@# APas-to-ASeg Tue Jan 16 11:20:11 UTC 2018
#@# ASeg Stats Tue Jan 16 11:20:22 UTC 2018
#@# WMParc Tue Jan 16 11:26:36 UTC 2018
#@# BA_exvivo Labels lh Tue Jan 16 11:42:21 UTC 2018
#@# BA_exvivo Labels rh Tue Jan 16 11:49:05 UTC 2018
recon-all -s 4054 finished without error at Tue Jan 16 11:56:02 UTC 2018
