status file for recon-all
Thu Jan 11 01:04:27 UTC 2018
#@# MotionCor Thu Jan 11 01:06:54 UTC 2018
#@# Talairach Thu Jan 11 01:07:52 UTC 2018
#@# Talairach Failure Detection Thu Jan 11 01:44:22 UTC 2018
#@# Nu Intensity Correction Thu Jan 11 01:44:22 UTC 2018
#@# Intensity Normalization Thu Jan 11 02:01:12 UTC 2018
#@# Skull Stripping Thu Jan 11 02:06:03 UTC 2018
#@# EM Registration Thu Jan 11 02:59:36 UTC 2018
#@# CA Normalize Thu Jan 11 03:45:32 UTC 2018
#@# CA Reg Thu Jan 11 03:49:10 UTC 2018
#@# SubCort Seg Thu Jan 11 09:27:50 UTC 2018
#@# Merge ASeg Thu Jan 11 11:58:56 UTC 2018
#@# Intensity Normalization2 Thu Jan 11 11:58:56 UTC 2018
#@# Mask BFS Thu Jan 11 12:04:42 UTC 2018
#@# WM Segmentation Thu Jan 11 12:04:45 UTC 2018
#@# Fill Thu Jan 11 12:09:08 UTC 2018
#@# Tessellate lh Thu Jan 11 12:10:26 UTC 2018
#@# Tessellate rh Thu Jan 11 12:10:36 UTC 2018
#@# Smooth1 lh Thu Jan 11 12:10:46 UTC 2018
#@# Smooth1 rh Thu Jan 11 12:10:55 UTC 2018
#@# Inflation1 lh Thu Jan 11 12:11:05 UTC 2018
#@# Inflation1 rh Thu Jan 11 12:12:07 UTC 2018
#@# QSphere lh Thu Jan 11 12:13:06 UTC 2018
#@# QSphere rh Thu Jan 11 12:19:21 UTC 2018
#@# Fix Topology Copy lh Thu Jan 11 12:26:23 UTC 2018
#@# Fix Topology Copy rh Thu Jan 11 12:26:23 UTC 2018
#@# Fix Topology lh Thu Jan 11 12:26:23 UTC 2018
#@# Fix Topology rh Thu Jan 11 13:46:49 UTC 2018
#@# Make White Surf lh Thu Jan 11 14:58:27 UTC 2018
#@# Make White Surf rh Thu Jan 11 15:06:17 UTC 2018
#@# Smooth2 lh Thu Jan 11 15:14:25 UTC 2018
#@# Smooth2 rh Thu Jan 11 15:14:34 UTC 2018
#@# Inflation2 lh Thu Jan 11 15:14:43 UTC 2018
#@# Inflation2 rh Thu Jan 11 15:15:45 UTC 2018
#@# Curv .H and .K lh Thu Jan 11 15:16:43 UTC 2018
#@# Curv .H and .K rh Thu Jan 11 15:19:07 UTC 2018
#@# Curvature Stats lh Thu Jan 11 15:21:33 UTC 2018
#@# Curvature Stats rh Thu Jan 11 15:21:39 UTC 2018
#@# Sphere lh Thu Jan 11 15:21:46 UTC 2018
#@# Sphere rh Thu Jan 11 16:42:29 UTC 2018
#@# Surf Reg lh Thu Jan 11 18:14:03 UTC 2018
#@# Surf Reg rh Thu Jan 11 19:52:34 UTC 2018
#@# Jacobian white lh Thu Jan 11 21:45:42 UTC 2018
#@# Jacobian white rh Thu Jan 11 21:45:45 UTC 2018
#@# AvgCurv lh Thu Jan 11 21:45:48 UTC 2018
#@# AvgCurv rh Thu Jan 11 21:45:52 UTC 2018
#@# Cortical Parc lh Thu Jan 11 21:45:55 UTC 2018
#@# Cortical Parc rh Thu Jan 11 21:46:19 UTC 2018
#@# Make Pial Surf lh Thu Jan 11 21:46:43 UTC 2018
#@# Make Pial Surf rh Thu Jan 11 22:08:44 UTC 2018
#@# Surf Volume lh Thu Jan 11 22:31:42 UTC 2018
#@# Surf Volume rh Thu Jan 11 22:31:49 UTC 2018
#@# Cortical ribbon mask Thu Jan 11 22:31:54 UTC 2018
#@# Parcellation Stats lh Thu Jan 11 22:51:33 UTC 2018
#@# Parcellation Stats rh Thu Jan 11 22:53:52 UTC 2018
#@# Cortical Parc 2 lh Thu Jan 11 22:56:16 UTC 2018
#@# Cortical Parc 2 rh Thu Jan 11 22:56:46 UTC 2018
#@# Parcellation Stats 2 lh Thu Jan 11 22:57:17 UTC 2018
#@# Parcellation Stats 2 rh Thu Jan 11 22:58:26 UTC 2018
#@# Cortical Parc 3 lh Thu Jan 11 22:59:36 UTC 2018
#@# Cortical Parc 3 rh Thu Jan 11 23:00:01 UTC 2018
#@# Parcellation Stats 3 lh Thu Jan 11 23:00:26 UTC 2018
#@# Parcellation Stats 3 rh Thu Jan 11 23:01:33 UTC 2018
#@# WM/GM Contrast lh Thu Jan 11 23:02:37 UTC 2018
#@# WM/GM Contrast rh Thu Jan 11 23:02:47 UTC 2018
#@# Relabel Hypointensities Thu Jan 11 23:02:57 UTC 2018
#@# AParc-to-ASeg aparc Thu Jan 11 23:03:34 UTC 2018
#@# AParc-to-ASeg a2009s Thu Jan 11 23:11:41 UTC 2018
#@# AParc-to-ASeg DKTatlas Thu Jan 11 23:20:03 UTC 2018
#@# APas-to-ASeg Thu Jan 11 23:28:32 UTC 2018
#@# ASeg Stats Thu Jan 11 23:28:41 UTC 2018
#@# WMParc Thu Jan 11 23:32:26 UTC 2018
#@# BA_exvivo Labels lh Thu Jan 11 23:48:12 UTC 2018
#@# BA_exvivo Labels rh Thu Jan 11 23:56:43 UTC 2018
recon-all -s 3609 finished without error at Fri Jan 12 00:05:20 UTC 2018
