status file for recon-all
Sun Dec 31 21:43:15 UTC 2017
#@# MotionCor Sun Dec 31 21:43:33 UTC 2017
#@# Talairach Sun Dec 31 21:44:02 UTC 2017
#@# Talairach Failure Detection Sun Dec 31 21:48:33 UTC 2017
#@# Nu Intensity Correction Sun Dec 31 21:48:34 UTC 2017
#@# Intensity Normalization Sun Dec 31 21:56:08 UTC 2017
#@# Skull Stripping Sun Dec 31 22:01:31 UTC 2017
#@# EM Registration Sun Dec 31 23:04:42 UTC 2017
#@# CA Normalize Sun Dec 31 23:54:00 UTC 2017
#@# CA Reg Sun Dec 31 23:57:22 UTC 2017
#@# SubCort Seg Mon Jan  1 05:34:40 UTC 2018
#@# Merge ASeg Mon Jan  1 07:52:32 UTC 2018
#@# Intensity Normalization2 Mon Jan  1 07:52:32 UTC 2018
#@# Mask BFS Mon Jan  1 07:58:18 UTC 2018
#@# WM Segmentation Mon Jan  1 07:58:21 UTC 2018
#@# Fill Mon Jan  1 08:02:23 UTC 2018
#@# Tessellate lh Mon Jan  1 08:03:41 UTC 2018
#@# Tessellate rh Mon Jan  1 08:03:51 UTC 2018
#@# Smooth1 lh Mon Jan  1 08:04:02 UTC 2018
#@# Smooth1 rh Mon Jan  1 08:04:12 UTC 2018
#@# Inflation1 lh Mon Jan  1 08:04:21 UTC 2018
#@# Inflation1 rh Mon Jan  1 08:05:19 UTC 2018
#@# QSphere lh Mon Jan  1 08:06:18 UTC 2018
#@# QSphere rh Mon Jan  1 08:12:06 UTC 2018
#@# Fix Topology Copy lh Mon Jan  1 08:18:09 UTC 2018
#@# Fix Topology Copy rh Mon Jan  1 08:18:09 UTC 2018
#@# Fix Topology lh Mon Jan  1 08:18:09 UTC 2018
#@# Fix Topology rh Mon Jan  1 10:07:04 UTC 2018
#@# Make White Surf lh Mon Jan  1 11:31:11 UTC 2018
#@# Make White Surf rh Mon Jan  1 11:39:42 UTC 2018
#@# Smooth2 lh Mon Jan  1 11:48:13 UTC 2018
#@# Smooth2 rh Mon Jan  1 11:48:21 UTC 2018
#@# Inflation2 lh Mon Jan  1 11:48:29 UTC 2018
#@# Inflation2 rh Mon Jan  1 11:49:24 UTC 2018
#@# Curv .H and .K lh Mon Jan  1 11:50:19 UTC 2018
#@# Curv .H and .K rh Mon Jan  1 11:52:38 UTC 2018
#@# Curvature Stats lh Mon Jan  1 11:54:55 UTC 2018
#@# Curvature Stats rh Mon Jan  1 11:55:01 UTC 2018
#@# Sphere lh Mon Jan  1 11:55:07 UTC 2018
#@# Sphere rh Mon Jan  1 14:31:16 UTC 2018
#@# Surf Reg lh Mon Jan  1 15:50:35 UTC 2018
#@# Surf Reg rh Mon Jan  1 17:41:25 UTC 2018
#@# Jacobian white lh Mon Jan  1 19:30:54 UTC 2018
#@# Jacobian white rh Mon Jan  1 19:30:57 UTC 2018
#@# AvgCurv lh Mon Jan  1 19:31:00 UTC 2018
#@# AvgCurv rh Mon Jan  1 19:31:02 UTC 2018
#@# Cortical Parc lh Mon Jan  1 19:31:05 UTC 2018
#@# Cortical Parc rh Mon Jan  1 19:31:25 UTC 2018
#@# Make Pial Surf lh Mon Jan  1 19:31:47 UTC 2018
#@# Make Pial Surf rh Mon Jan  1 19:56:59 UTC 2018
#@# Surf Volume lh Mon Jan  1 20:20:57 UTC 2018
#@# Surf Volume rh Mon Jan  1 20:21:03 UTC 2018
#@# Cortical ribbon mask Mon Jan  1 20:21:08 UTC 2018
#@# Parcellation Stats lh Mon Jan  1 20:39:36 UTC 2018
#@# Parcellation Stats rh Mon Jan  1 20:41:50 UTC 2018
#@# Cortical Parc 2 lh Mon Jan  1 20:44:06 UTC 2018
#@# Cortical Parc 2 rh Mon Jan  1 20:44:34 UTC 2018
#@# Parcellation Stats 2 lh Mon Jan  1 20:45:03 UTC 2018
#@# Parcellation Stats 2 rh Mon Jan  1 20:46:12 UTC 2018
#@# Cortical Parc 3 lh Mon Jan  1 20:47:20 UTC 2018
#@# Cortical Parc 3 rh Mon Jan  1 20:47:43 UTC 2018
#@# Parcellation Stats 3 lh Mon Jan  1 20:48:06 UTC 2018
#@# Parcellation Stats 3 rh Mon Jan  1 20:49:13 UTC 2018
#@# WM/GM Contrast lh Mon Jan  1 20:50:20 UTC 2018
#@# WM/GM Contrast rh Mon Jan  1 20:50:33 UTC 2018
#@# Relabel Hypointensities Mon Jan  1 20:50:44 UTC 2018
#@# AParc-to-ASeg aparc Mon Jan  1 20:51:17 UTC 2018
#@# AParc-to-ASeg a2009s Mon Jan  1 20:58:28 UTC 2018
#@# AParc-to-ASeg DKTatlas Mon Jan  1 21:05:35 UTC 2018
#@# APas-to-ASeg Mon Jan  1 21:12:42 UTC 2018
#@# ASeg Stats Mon Jan  1 21:12:52 UTC 2018
#@# WMParc Mon Jan  1 21:17:18 UTC 2018
#@# BA_exvivo Labels lh Mon Jan  1 21:33:24 UTC 2018
#@# BA_exvivo Labels rh Mon Jan  1 21:41:48 UTC 2018
recon-all -s 3215 finished without error at Mon Jan  1 21:50:09 UTC 2018
