status file for recon-all
Sun Dec 31 21:44:29 UTC 2017
#@# MotionCor Sun Dec 31 21:44:57 UTC 2017
#@# Talairach Sun Dec 31 21:45:29 UTC 2017
#@# Talairach Failure Detection Sun Dec 31 21:50:29 UTC 2017
#@# Nu Intensity Correction Sun Dec 31 21:50:29 UTC 2017
#@# Intensity Normalization Sun Dec 31 21:57:49 UTC 2017
#@# Skull Stripping Sun Dec 31 22:02:46 UTC 2017
#@# EM Registration Sun Dec 31 23:05:02 UTC 2017
#@# CA Normalize Sun Dec 31 23:42:23 UTC 2017
#@# CA Reg Sun Dec 31 23:45:47 UTC 2017
#@# SubCort Seg Mon Jan  1 06:02:31 UTC 2018
#@# Merge ASeg Mon Jan  1 08:11:03 UTC 2018
#@# Intensity Normalization2 Mon Jan  1 08:11:03 UTC 2018
#@# Mask BFS Mon Jan  1 08:16:56 UTC 2018
#@# WM Segmentation Mon Jan  1 08:17:00 UTC 2018
#@# Fill Mon Jan  1 08:21:32 UTC 2018
#@# Tessellate lh Mon Jan  1 08:22:50 UTC 2018
#@# Tessellate rh Mon Jan  1 08:22:58 UTC 2018
#@# Smooth1 lh Mon Jan  1 08:23:07 UTC 2018
#@# Smooth1 rh Mon Jan  1 08:23:15 UTC 2018
#@# Inflation1 lh Mon Jan  1 08:23:23 UTC 2018
#@# Inflation1 rh Mon Jan  1 08:24:13 UTC 2018
#@# QSphere lh Mon Jan  1 08:25:02 UTC 2018
#@# QSphere rh Mon Jan  1 08:30:17 UTC 2018
#@# Fix Topology Copy lh Mon Jan  1 08:35:18 UTC 2018
#@# Fix Topology Copy rh Mon Jan  1 08:35:18 UTC 2018
#@# Fix Topology lh Mon Jan  1 08:35:19 UTC 2018
#@# Fix Topology rh Mon Jan  1 09:31:56 UTC 2018
#@# Make White Surf lh Mon Jan  1 10:24:37 UTC 2018
#@# Make White Surf rh Mon Jan  1 10:31:21 UTC 2018
#@# Smooth2 lh Mon Jan  1 10:38:17 UTC 2018
#@# Smooth2 rh Mon Jan  1 10:38:24 UTC 2018
#@# Inflation2 lh Mon Jan  1 10:38:32 UTC 2018
#@# Inflation2 rh Mon Jan  1 10:39:21 UTC 2018
#@# Curv .H and .K lh Mon Jan  1 10:40:09 UTC 2018
#@# Curv .H and .K rh Mon Jan  1 10:42:10 UTC 2018
#@# Curvature Stats lh Mon Jan  1 10:44:07 UTC 2018
#@# Curvature Stats rh Mon Jan  1 10:44:13 UTC 2018
#@# Sphere lh Mon Jan  1 10:44:18 UTC 2018
#@# Sphere rh Mon Jan  1 11:49:49 UTC 2018
#@# Surf Reg lh Mon Jan  1 12:50:45 UTC 2018
#@# Surf Reg rh Mon Jan  1 13:58:20 UTC 2018
#@# Jacobian white lh Mon Jan  1 15:07:37 UTC 2018
#@# Jacobian white rh Mon Jan  1 15:07:40 UTC 2018
#@# AvgCurv lh Mon Jan  1 15:07:42 UTC 2018
#@# AvgCurv rh Mon Jan  1 15:07:45 UTC 2018
#@# Cortical Parc lh Mon Jan  1 15:07:47 UTC 2018
#@# Cortical Parc rh Mon Jan  1 15:08:13 UTC 2018
#@# Make Pial Surf lh Mon Jan  1 15:08:35 UTC 2018
#@# Make Pial Surf rh Mon Jan  1 15:29:43 UTC 2018
#@# Surf Volume lh Mon Jan  1 15:50:43 UTC 2018
#@# Surf Volume rh Mon Jan  1 15:50:48 UTC 2018
#@# Cortical ribbon mask Mon Jan  1 15:50:53 UTC 2018
#@# Parcellation Stats lh Mon Jan  1 16:11:58 UTC 2018
#@# Parcellation Stats rh Mon Jan  1 16:14:05 UTC 2018
#@# Cortical Parc 2 lh Mon Jan  1 16:16:12 UTC 2018
#@# Cortical Parc 2 rh Mon Jan  1 16:16:41 UTC 2018
#@# Parcellation Stats 2 lh Mon Jan  1 16:17:09 UTC 2018
#@# Parcellation Stats 2 rh Mon Jan  1 16:18:15 UTC 2018
#@# Cortical Parc 3 lh Mon Jan  1 16:19:21 UTC 2018
#@# Cortical Parc 3 rh Mon Jan  1 16:19:45 UTC 2018
#@# Parcellation Stats 3 lh Mon Jan  1 16:20:08 UTC 2018
#@# Parcellation Stats 3 rh Mon Jan  1 16:21:15 UTC 2018
#@# WM/GM Contrast lh Mon Jan  1 16:22:18 UTC 2018
#@# WM/GM Contrast rh Mon Jan  1 16:22:30 UTC 2018
#@# Relabel Hypointensities Mon Jan  1 16:22:42 UTC 2018
#@# AParc-to-ASeg aparc Mon Jan  1 16:23:21 UTC 2018
#@# AParc-to-ASeg a2009s Mon Jan  1 16:31:17 UTC 2018
#@# AParc-to-ASeg DKTatlas Mon Jan  1 16:39:24 UTC 2018
#@# APas-to-ASeg Mon Jan  1 16:47:28 UTC 2018
#@# ASeg Stats Mon Jan  1 16:47:40 UTC 2018
#@# WMParc Mon Jan  1 16:54:00 UTC 2018
#@# BA_exvivo Labels lh Mon Jan  1 17:12:20 UTC 2018
#@# BA_exvivo Labels rh Mon Jan  1 17:20:07 UTC 2018
recon-all -s 3216 finished without error at Mon Jan  1 17:27:46 UTC 2018
