status file for recon-all
Sat Jan 13 22:04:26 UTC 2018
#@# MotionCor Sat Jan 13 22:04:32 UTC 2018
#@# Talairach Sat Jan 13 22:04:46 UTC 2018
#@# Talairach Failure Detection Sat Jan 13 22:13:46 UTC 2018
#@# Nu Intensity Correction Sat Jan 13 22:13:47 UTC 2018
#@# Intensity Normalization Sat Jan 13 22:28:37 UTC 2018
#@# Skull Stripping Sat Jan 13 22:32:07 UTC 2018
#@# EM Registration Sat Jan 13 23:08:31 UTC 2018
#@# CA Normalize Sat Jan 13 23:32:56 UTC 2018
#@# CA Reg Sat Jan 13 23:35:49 UTC 2018
#@# SubCort Seg Sun Jan 14 03:54:43 UTC 2018
#@# Merge ASeg Sun Jan 14 05:41:22 UTC 2018
#@# Intensity Normalization2 Sun Jan 14 05:41:22 UTC 2018
#@# Mask BFS Sun Jan 14 05:47:28 UTC 2018
#@# WM Segmentation Sun Jan 14 05:47:30 UTC 2018
#@# Fill Sun Jan 14 05:50:59 UTC 2018
#@# Tessellate lh Sun Jan 14 05:52:21 UTC 2018
#@# Tessellate rh Sun Jan 14 05:52:30 UTC 2018
#@# Smooth1 lh Sun Jan 14 05:52:39 UTC 2018
#@# Smooth1 rh Sun Jan 14 05:52:48 UTC 2018
#@# Inflation1 lh Sun Jan 14 05:52:57 UTC 2018
#@# Inflation1 rh Sun Jan 14 05:53:49 UTC 2018
#@# QSphere lh Sun Jan 14 05:54:43 UTC 2018
#@# QSphere rh Sun Jan 14 06:00:30 UTC 2018
#@# Fix Topology Copy lh Sun Jan 14 06:06:05 UTC 2018
#@# Fix Topology Copy rh Sun Jan 14 06:06:05 UTC 2018
#@# Fix Topology lh Sun Jan 14 06:06:05 UTC 2018
#@# Fix Topology rh Sun Jan 14 07:05:31 UTC 2018
#@# Make White Surf lh Sun Jan 14 07:54:57 UTC 2018
#@# Make White Surf rh Sun Jan 14 08:02:57 UTC 2018
#@# Smooth2 lh Sun Jan 14 08:11:03 UTC 2018
#@# Smooth2 rh Sun Jan 14 08:11:11 UTC 2018
#@# Inflation2 lh Sun Jan 14 08:11:19 UTC 2018
#@# Inflation2 rh Sun Jan 14 08:12:13 UTC 2018
#@# Curv .H and .K lh Sun Jan 14 08:13:01 UTC 2018
#@# Curv .H and .K rh Sun Jan 14 08:15:16 UTC 2018
#@# Curvature Stats lh Sun Jan 14 08:17:31 UTC 2018
#@# Curvature Stats rh Sun Jan 14 08:17:37 UTC 2018
#@# Sphere lh Sun Jan 14 08:17:42 UTC 2018
#@# Sphere rh Sun Jan 14 09:19:31 UTC 2018
#@# Surf Reg lh Sun Jan 14 10:33:19 UTC 2018
#@# Surf Reg rh Sun Jan 14 11:54:46 UTC 2018
#@# Jacobian white lh Sun Jan 14 13:11:34 UTC 2018
#@# Jacobian white rh Sun Jan 14 13:11:37 UTC 2018
#@# AvgCurv lh Sun Jan 14 13:11:40 UTC 2018
#@# AvgCurv rh Sun Jan 14 13:11:43 UTC 2018
#@# Cortical Parc lh Sun Jan 14 13:11:45 UTC 2018
#@# Cortical Parc rh Sun Jan 14 13:12:11 UTC 2018
#@# Make Pial Surf lh Sun Jan 14 13:12:36 UTC 2018
#@# Make Pial Surf rh Sun Jan 14 13:36:42 UTC 2018
#@# Surf Volume lh Sun Jan 14 13:59:50 UTC 2018
#@# Surf Volume rh Sun Jan 14 13:59:55 UTC 2018
#@# Cortical ribbon mask Sun Jan 14 14:00:00 UTC 2018
#@# Parcellation Stats lh Sun Jan 14 14:28:06 UTC 2018
#@# Parcellation Stats rh Sun Jan 14 14:30:13 UTC 2018
#@# Cortical Parc 2 lh Sun Jan 14 14:32:22 UTC 2018
#@# Cortical Parc 2 rh Sun Jan 14 14:32:51 UTC 2018
#@# Parcellation Stats 2 lh Sun Jan 14 14:33:19 UTC 2018
#@# Parcellation Stats 2 rh Sun Jan 14 14:34:24 UTC 2018
#@# Cortical Parc 3 lh Sun Jan 14 14:35:29 UTC 2018
#@# Cortical Parc 3 rh Sun Jan 14 14:35:51 UTC 2018
#@# Parcellation Stats 3 lh Sun Jan 14 14:36:14 UTC 2018
#@# Parcellation Stats 3 rh Sun Jan 14 14:37:19 UTC 2018
#@# WM/GM Contrast lh Sun Jan 14 14:38:23 UTC 2018
#@# WM/GM Contrast rh Sun Jan 14 14:38:33 UTC 2018
#@# Relabel Hypointensities Sun Jan 14 14:38:42 UTC 2018
#@# AParc-to-ASeg aparc Sun Jan 14 14:39:19 UTC 2018
#@# AParc-to-ASeg a2009s Sun Jan 14 14:47:44 UTC 2018
#@# AParc-to-ASeg DKTatlas Sun Jan 14 14:55:43 UTC 2018
#@# APas-to-ASeg Sun Jan 14 15:03:57 UTC 2018
#@# ASeg Stats Sun Jan 14 15:04:08 UTC 2018
#@# WMParc Sun Jan 14 15:09:37 UTC 2018
#@# BA_exvivo Labels lh Sun Jan 14 15:26:15 UTC 2018
#@# BA_exvivo Labels rh Sun Jan 14 15:34:07 UTC 2018
recon-all -s 3817 finished without error at Sun Jan 14 15:42:01 UTC 2018
