status file for recon-all
Thu Jan 11 01:03:48 UTC 2018
#@# MotionCor Thu Jan 11 01:03:56 UTC 2018
#@# Talairach Thu Jan 11 01:04:21 UTC 2018
#@# Talairach Failure Detection Thu Jan 11 01:41:25 UTC 2018
#@# Nu Intensity Correction Thu Jan 11 01:41:25 UTC 2018
#@# Intensity Normalization Thu Jan 11 02:00:26 UTC 2018
#@# Skull Stripping Thu Jan 11 02:06:01 UTC 2018
#@# EM Registration Thu Jan 11 02:52:19 UTC 2018
#@# CA Normalize Thu Jan 11 03:31:07 UTC 2018
#@# CA Reg Thu Jan 11 03:34:47 UTC 2018
#@# SubCort Seg Thu Jan 11 09:27:15 UTC 2018
#@# Merge ASeg Thu Jan 11 11:40:25 UTC 2018
#@# Intensity Normalization2 Thu Jan 11 11:40:25 UTC 2018
#@# Mask BFS Thu Jan 11 11:46:29 UTC 2018
#@# WM Segmentation Thu Jan 11 11:46:31 UTC 2018
#@# Fill Thu Jan 11 11:50:17 UTC 2018
#@# Tessellate lh Thu Jan 11 11:51:39 UTC 2018
#@# Tessellate rh Thu Jan 11 11:51:47 UTC 2018
#@# Smooth1 lh Thu Jan 11 11:51:56 UTC 2018
#@# Smooth1 rh Thu Jan 11 11:52:04 UTC 2018
#@# Inflation1 lh Thu Jan 11 11:52:12 UTC 2018
#@# Inflation1 rh Thu Jan 11 11:53:08 UTC 2018
#@# QSphere lh Thu Jan 11 11:53:56 UTC 2018
#@# QSphere rh Thu Jan 11 11:59:55 UTC 2018
#@# Fix Topology Copy lh Thu Jan 11 12:06:02 UTC 2018
#@# Fix Topology Copy rh Thu Jan 11 12:06:02 UTC 2018
#@# Fix Topology lh Thu Jan 11 12:06:02 UTC 2018
#@# Fix Topology rh Thu Jan 11 12:34:02 UTC 2018
#@# Make White Surf lh Thu Jan 11 12:55:48 UTC 2018
#@# Make White Surf rh Thu Jan 11 13:03:05 UTC 2018
#@# Smooth2 lh Thu Jan 11 13:10:16 UTC 2018
#@# Smooth2 rh Thu Jan 11 13:10:24 UTC 2018
#@# Inflation2 lh Thu Jan 11 13:10:31 UTC 2018
#@# Inflation2 rh Thu Jan 11 13:11:20 UTC 2018
#@# Curv .H and .K lh Thu Jan 11 13:12:17 UTC 2018
#@# Curv .H and .K rh Thu Jan 11 13:14:23 UTC 2018
#@# Curvature Stats lh Thu Jan 11 13:16:29 UTC 2018
#@# Curvature Stats rh Thu Jan 11 13:16:34 UTC 2018
#@# Sphere lh Thu Jan 11 13:16:40 UTC 2018
#@# Sphere rh Thu Jan 11 14:17:24 UTC 2018
#@# Surf Reg lh Thu Jan 11 15:16:57 UTC 2018
#@# Surf Reg rh Thu Jan 11 16:42:38 UTC 2018
#@# Jacobian white lh Thu Jan 11 18:13:30 UTC 2018
#@# Jacobian white rh Thu Jan 11 18:13:33 UTC 2018
#@# AvgCurv lh Thu Jan 11 18:13:36 UTC 2018
#@# AvgCurv rh Thu Jan 11 18:13:39 UTC 2018
#@# Cortical Parc lh Thu Jan 11 18:13:41 UTC 2018
#@# Cortical Parc rh Thu Jan 11 18:14:04 UTC 2018
#@# Make Pial Surf lh Thu Jan 11 18:14:25 UTC 2018
#@# Make Pial Surf rh Thu Jan 11 18:36:15 UTC 2018
#@# Surf Volume lh Thu Jan 11 18:59:06 UTC 2018
#@# Surf Volume rh Thu Jan 11 18:59:20 UTC 2018
#@# Cortical ribbon mask Thu Jan 11 18:59:25 UTC 2018
#@# Parcellation Stats lh Thu Jan 11 19:22:56 UTC 2018
#@# Parcellation Stats rh Thu Jan 11 19:25:12 UTC 2018
#@# Cortical Parc 2 lh Thu Jan 11 19:27:21 UTC 2018
#@# Cortical Parc 2 rh Thu Jan 11 19:27:54 UTC 2018
#@# Parcellation Stats 2 lh Thu Jan 11 19:28:26 UTC 2018
#@# Parcellation Stats 2 rh Thu Jan 11 19:29:37 UTC 2018
#@# Cortical Parc 3 lh Thu Jan 11 19:30:54 UTC 2018
#@# Cortical Parc 3 rh Thu Jan 11 19:31:19 UTC 2018
#@# Parcellation Stats 3 lh Thu Jan 11 19:31:46 UTC 2018
#@# Parcellation Stats 3 rh Thu Jan 11 19:32:53 UTC 2018
#@# WM/GM Contrast lh Thu Jan 11 19:34:02 UTC 2018
#@# WM/GM Contrast rh Thu Jan 11 19:34:13 UTC 2018
#@# Relabel Hypointensities Thu Jan 11 19:34:23 UTC 2018
#@# AParc-to-ASeg aparc Thu Jan 11 19:35:05 UTC 2018
#@# AParc-to-ASeg a2009s Thu Jan 11 19:42:59 UTC 2018
#@# AParc-to-ASeg DKTatlas Thu Jan 11 19:50:38 UTC 2018
#@# APas-to-ASeg Thu Jan 11 19:58:09 UTC 2018
#@# ASeg Stats Thu Jan 11 19:58:21 UTC 2018
#@# WMParc Thu Jan 11 20:04:43 UTC 2018
#@# BA_exvivo Labels lh Thu Jan 11 20:22:12 UTC 2018
#@# BA_exvivo Labels rh Thu Jan 11 20:30:08 UTC 2018
recon-all -s 3606 finished without error at Thu Jan 11 20:37:58 UTC 2018
