status file for recon-all
Mon Jan 15 18:47:51 UTC 2018
#@# MotionCor Mon Jan 15 18:47:55 UTC 2018
#@# Talairach Mon Jan 15 18:48:06 UTC 2018
#@# Talairach Failure Detection Mon Jan 15 18:55:34 UTC 2018
#@# Nu Intensity Correction Mon Jan 15 18:55:35 UTC 2018
#@# Intensity Normalization Mon Jan 15 19:08:59 UTC 2018
#@# Skull Stripping Mon Jan 15 19:12:58 UTC 2018
#@# EM Registration Mon Jan 15 19:58:09 UTC 2018
#@# CA Normalize Mon Jan 15 20:28:05 UTC 2018
#@# CA Reg Mon Jan 15 20:31:20 UTC 2018
#@# SubCort Seg Tue Jan 16 01:48:42 UTC 2018
#@# Merge ASeg Tue Jan 16 03:53:48 UTC 2018
#@# Intensity Normalization2 Tue Jan 16 03:53:48 UTC 2018
#@# Mask BFS Tue Jan 16 03:59:29 UTC 2018
#@# WM Segmentation Tue Jan 16 03:59:32 UTC 2018
#@# Fill Tue Jan 16 04:03:24 UTC 2018
#@# Tessellate lh Tue Jan 16 04:04:47 UTC 2018
#@# Tessellate rh Tue Jan 16 04:04:55 UTC 2018
#@# Smooth1 lh Tue Jan 16 04:05:04 UTC 2018
#@# Smooth1 rh Tue Jan 16 04:05:12 UTC 2018
#@# Inflation1 lh Tue Jan 16 04:05:19 UTC 2018
#@# Inflation1 rh Tue Jan 16 04:06:11 UTC 2018
#@# QSphere lh Tue Jan 16 04:06:55 UTC 2018
#@# QSphere rh Tue Jan 16 04:11:13 UTC 2018
#@# Fix Topology Copy lh Tue Jan 16 04:15:49 UTC 2018
#@# Fix Topology Copy rh Tue Jan 16 04:15:49 UTC 2018
#@# Fix Topology lh Tue Jan 16 04:15:49 UTC 2018
#@# Fix Topology rh Tue Jan 16 04:47:04 UTC 2018
#@# Make White Surf lh Tue Jan 16 05:20:40 UTC 2018
#@# Make White Surf rh Tue Jan 16 05:26:40 UTC 2018
#@# Smooth2 lh Tue Jan 16 05:33:10 UTC 2018
#@# Smooth2 rh Tue Jan 16 05:33:18 UTC 2018
#@# Inflation2 lh Tue Jan 16 05:33:25 UTC 2018
#@# Inflation2 rh Tue Jan 16 05:34:14 UTC 2018
#@# Curv .H and .K lh Tue Jan 16 05:35:04 UTC 2018
#@# Curv .H and .K rh Tue Jan 16 05:36:55 UTC 2018
#@# Curvature Stats lh Tue Jan 16 05:38:54 UTC 2018
#@# Curvature Stats rh Tue Jan 16 05:38:59 UTC 2018
#@# Sphere lh Tue Jan 16 05:39:04 UTC 2018
#@# Sphere rh Tue Jan 16 06:38:17 UTC 2018
#@# Surf Reg lh Tue Jan 16 07:48:46 UTC 2018
#@# Surf Reg rh Tue Jan 16 08:51:55 UTC 2018
#@# Jacobian white lh Tue Jan 16 10:06:34 UTC 2018
#@# Jacobian white rh Tue Jan 16 10:06:36 UTC 2018
#@# AvgCurv lh Tue Jan 16 10:06:38 UTC 2018
#@# AvgCurv rh Tue Jan 16 10:06:40 UTC 2018
#@# Cortical Parc lh Tue Jan 16 10:06:42 UTC 2018
#@# Cortical Parc rh Tue Jan 16 10:07:00 UTC 2018
#@# Make Pial Surf lh Tue Jan 16 10:07:18 UTC 2018
#@# Make Pial Surf rh Tue Jan 16 10:26:11 UTC 2018
#@# Surf Volume lh Tue Jan 16 10:46:31 UTC 2018
#@# Surf Volume rh Tue Jan 16 10:46:35 UTC 2018
#@# Cortical ribbon mask Tue Jan 16 10:46:39 UTC 2018
#@# Parcellation Stats lh Tue Jan 16 11:05:07 UTC 2018
#@# Parcellation Stats rh Tue Jan 16 11:07:06 UTC 2018
#@# Cortical Parc 2 lh Tue Jan 16 11:09:01 UTC 2018
#@# Cortical Parc 2 rh Tue Jan 16 11:09:27 UTC 2018
#@# Parcellation Stats 2 lh Tue Jan 16 11:09:53 UTC 2018
#@# Parcellation Stats 2 rh Tue Jan 16 11:10:54 UTC 2018
#@# Cortical Parc 3 lh Tue Jan 16 11:11:51 UTC 2018
#@# Cortical Parc 3 rh Tue Jan 16 11:12:13 UTC 2018
#@# Parcellation Stats 3 lh Tue Jan 16 11:12:36 UTC 2018
#@# Parcellation Stats 3 rh Tue Jan 16 11:13:36 UTC 2018
#@# WM/GM Contrast lh Tue Jan 16 11:14:32 UTC 2018
#@# WM/GM Contrast rh Tue Jan 16 11:14:41 UTC 2018
#@# Relabel Hypointensities Tue Jan 16 11:14:48 UTC 2018
#@# AParc-to-ASeg aparc Tue Jan 16 11:15:23 UTC 2018
#@# AParc-to-ASeg a2009s Tue Jan 16 11:23:03 UTC 2018
#@# AParc-to-ASeg DKTatlas Tue Jan 16 11:30:31 UTC 2018
#@# APas-to-ASeg Tue Jan 16 11:38:01 UTC 2018
#@# ASeg Stats Tue Jan 16 11:38:11 UTC 2018
#@# WMParc Tue Jan 16 11:44:51 UTC 2018
#@# BA_exvivo Labels lh Tue Jan 16 12:01:35 UTC 2018
#@# BA_exvivo Labels rh Tue Jan 16 12:08:32 UTC 2018
recon-all -s 4051 finished without error at Tue Jan 16 12:15:33 UTC 2018
