status file for recon-all
Sun Dec 31 07:46:17 UTC 2017
#@# MotionCor Sun Dec 31 07:53:12 UTC 2017
#@# Talairach Sun Dec 31 07:54:14 UTC 2017
#@# Talairach Failure Detection Sun Dec 31 08:41:28 UTC 2017
#@# Nu Intensity Correction Sun Dec 31 08:41:29 UTC 2017
#@# Intensity Normalization Sun Dec 31 09:01:01 UTC 2017
#@# Skull Stripping Sun Dec 31 09:04:36 UTC 2017
#@# EM Registration Sun Dec 31 09:43:49 UTC 2017
#@# CA Normalize Sun Dec 31 10:24:11 UTC 2017
#@# CA Reg Sun Dec 31 10:27:36 UTC 2017
#@# SubCort Seg Sun Dec 31 15:52:05 UTC 2017
#@# Merge ASeg Sun Dec 31 17:44:50 UTC 2017
#@# Intensity Normalization2 Sun Dec 31 17:44:50 UTC 2017
#@# Mask BFS Sun Dec 31 17:50:57 UTC 2017
#@# WM Segmentation Sun Dec 31 17:51:01 UTC 2017
#@# Fill Sun Dec 31 17:54:47 UTC 2017
#@# Tessellate lh Sun Dec 31 17:56:09 UTC 2017
#@# Tessellate rh Sun Dec 31 17:56:19 UTC 2017
#@# Smooth1 lh Sun Dec 31 17:56:32 UTC 2017
#@# Smooth1 rh Sun Dec 31 17:56:41 UTC 2017
#@# Inflation1 lh Sun Dec 31 17:56:51 UTC 2017
#@# Inflation1 rh Sun Dec 31 17:57:55 UTC 2017
#@# QSphere lh Sun Dec 31 17:59:01 UTC 2017
#@# QSphere rh Sun Dec 31 18:05:57 UTC 2017
#@# Fix Topology Copy lh Sun Dec 31 18:12:00 UTC 2017
#@# Fix Topology Copy rh Sun Dec 31 18:12:00 UTC 2017
#@# Fix Topology lh Sun Dec 31 18:12:00 UTC 2017
#@# Fix Topology rh Sun Dec 31 19:28:44 UTC 2017
#@# Make White Surf lh Sun Dec 31 20:50:20 UTC 2017
#@# Make White Surf rh Sun Dec 31 20:59:28 UTC 2017
#@# Smooth2 lh Sun Dec 31 21:08:09 UTC 2017
#@# Smooth2 rh Sun Dec 31 21:08:19 UTC 2017
#@# Inflation2 lh Sun Dec 31 21:08:29 UTC 2017
#@# Inflation2 rh Sun Dec 31 21:09:27 UTC 2017
#@# Curv .H and .K lh Sun Dec 31 21:10:25 UTC 2017
#@# Curv .H and .K rh Sun Dec 31 21:12:57 UTC 2017
#@# Curvature Stats lh Sun Dec 31 21:15:28 UTC 2017
#@# Curvature Stats rh Sun Dec 31 21:15:34 UTC 2017
#@# Sphere lh Sun Dec 31 21:15:41 UTC 2017
#@# Sphere rh Sun Dec 31 23:00:04 UTC 2017
#@# Surf Reg lh Mon Jan  1 00:51:43 UTC 2018
#@# Surf Reg rh Mon Jan  1 02:52:55 UTC 2018
#@# Jacobian white lh Mon Jan  1 05:11:39 UTC 2018
#@# Jacobian white rh Mon Jan  1 05:11:43 UTC 2018
#@# AvgCurv lh Mon Jan  1 05:11:47 UTC 2018
#@# AvgCurv rh Mon Jan  1 05:11:51 UTC 2018
#@# Cortical Parc lh Mon Jan  1 05:11:54 UTC 2018
#@# Cortical Parc rh Mon Jan  1 05:12:27 UTC 2018
#@# Make Pial Surf lh Mon Jan  1 05:12:57 UTC 2018
#@# Make Pial Surf rh Mon Jan  1 05:42:16 UTC 2018
#@# Surf Volume lh Mon Jan  1 06:10:30 UTC 2018
#@# Surf Volume rh Mon Jan  1 06:10:37 UTC 2018
#@# Cortical ribbon mask Mon Jan  1 06:10:43 UTC 2018
#@# Parcellation Stats lh Mon Jan  1 06:45:18 UTC 2018
#@# Parcellation Stats rh Mon Jan  1 06:48:03 UTC 2018
#@# Cortical Parc 2 lh Mon Jan  1 06:50:38 UTC 2018
#@# Cortical Parc 2 rh Mon Jan  1 06:51:14 UTC 2018
#@# Parcellation Stats 2 lh Mon Jan  1 06:51:49 UTC 2018
#@# Parcellation Stats 2 rh Mon Jan  1 06:53:11 UTC 2018
#@# Cortical Parc 3 lh Mon Jan  1 06:54:29 UTC 2018
#@# Cortical Parc 3 rh Mon Jan  1 06:54:56 UTC 2018
#@# Parcellation Stats 3 lh Mon Jan  1 06:55:24 UTC 2018
#@# Parcellation Stats 3 rh Mon Jan  1 06:56:45 UTC 2018
#@# WM/GM Contrast lh Mon Jan  1 06:58:03 UTC 2018
#@# WM/GM Contrast rh Mon Jan  1 06:58:15 UTC 2018
#@# Relabel Hypointensities Mon Jan  1 06:58:26 UTC 2018
#@# AParc-to-ASeg aparc Mon Jan  1 06:59:10 UTC 2018
#@# AParc-to-ASeg a2009s Mon Jan  1 07:08:18 UTC 2018
Linux zabbasi 3.13.0-121-generic #170-Ubuntu SMP Wed Jun 14 09:04:33 UTC 2017 x86_64 x86_64 x86_64 GNU/Linux

recon-all -s 3169 exited with ERRORS at Mon Jan  1 07:13:17 UTC 2018

