status file for recon-all
Sat Jan 13 22:04:58 UTC 2018
#@# MotionCor Sat Jan 13 22:05:07 UTC 2018
#@# Talairach Sat Jan 13 22:05:28 UTC 2018
#@# Talairach Failure Detection Sat Jan 13 22:14:52 UTC 2018
#@# Nu Intensity Correction Sat Jan 13 22:14:52 UTC 2018
#@# Intensity Normalization Sat Jan 13 22:28:35 UTC 2018
#@# Skull Stripping Sat Jan 13 22:32:23 UTC 2018
#@# EM Registration Sat Jan 13 23:17:13 UTC 2018
#@# CA Normalize Sat Jan 13 23:42:11 UTC 2018
#@# CA Reg Sat Jan 13 23:45:12 UTC 2018
#@# SubCort Seg Sun Jan 14 04:09:22 UTC 2018
#@# Merge ASeg Sun Jan 14 05:54:23 UTC 2018
#@# Intensity Normalization2 Sun Jan 14 05:54:23 UTC 2018
#@# Mask BFS Sun Jan 14 06:00:36 UTC 2018
#@# WM Segmentation Sun Jan 14 06:00:38 UTC 2018
#@# Fill Sun Jan 14 06:04:05 UTC 2018
#@# Tessellate lh Sun Jan 14 06:05:30 UTC 2018
#@# Tessellate rh Sun Jan 14 06:05:39 UTC 2018
#@# Smooth1 lh Sun Jan 14 06:05:48 UTC 2018
#@# Smooth1 rh Sun Jan 14 06:05:57 UTC 2018
#@# Inflation1 lh Sun Jan 14 06:06:07 UTC 2018
#@# Inflation1 rh Sun Jan 14 06:07:05 UTC 2018
#@# QSphere lh Sun Jan 14 06:08:01 UTC 2018
#@# QSphere rh Sun Jan 14 06:14:18 UTC 2018
#@# Fix Topology Copy lh Sun Jan 14 06:20:31 UTC 2018
#@# Fix Topology Copy rh Sun Jan 14 06:20:31 UTC 2018
#@# Fix Topology lh Sun Jan 14 06:20:31 UTC 2018
#@# Fix Topology rh Sun Jan 14 07:20:19 UTC 2018
#@# Make White Surf lh Sun Jan 14 07:59:48 UTC 2018
#@# Make White Surf rh Sun Jan 14 08:08:53 UTC 2018
#@# Smooth2 lh Sun Jan 14 08:17:59 UTC 2018
#@# Smooth2 rh Sun Jan 14 08:18:07 UTC 2018
#@# Inflation2 lh Sun Jan 14 08:18:16 UTC 2018
#@# Inflation2 rh Sun Jan 14 08:19:17 UTC 2018
#@# Curv .H and .K lh Sun Jan 14 08:20:16 UTC 2018
#@# Curv .H and .K rh Sun Jan 14 08:22:44 UTC 2018
#@# Curvature Stats lh Sun Jan 14 08:25:13 UTC 2018
#@# Curvature Stats rh Sun Jan 14 08:25:19 UTC 2018
#@# Sphere lh Sun Jan 14 08:25:25 UTC 2018
#@# Sphere rh Sun Jan 14 09:47:28 UTC 2018
#@# Surf Reg lh Sun Jan 14 11:09:55 UTC 2018
#@# Surf Reg rh Sun Jan 14 12:58:09 UTC 2018
#@# Jacobian white lh Sun Jan 14 14:24:53 UTC 2018
#@# Jacobian white rh Sun Jan 14 14:24:56 UTC 2018
#@# AvgCurv lh Sun Jan 14 14:24:59 UTC 2018
#@# AvgCurv rh Sun Jan 14 14:25:02 UTC 2018
#@# Cortical Parc lh Sun Jan 14 14:25:04 UTC 2018
#@# Cortical Parc rh Sun Jan 14 14:25:28 UTC 2018
#@# Make Pial Surf lh Sun Jan 14 14:25:51 UTC 2018
#@# Make Pial Surf rh Sun Jan 14 14:50:39 UTC 2018
#@# Surf Volume lh Sun Jan 14 15:14:59 UTC 2018
#@# Surf Volume rh Sun Jan 14 15:15:05 UTC 2018
#@# Cortical ribbon mask Sun Jan 14 15:15:10 UTC 2018
#@# Parcellation Stats lh Sun Jan 14 15:48:11 UTC 2018
#@# Parcellation Stats rh Sun Jan 14 15:50:35 UTC 2018
#@# Cortical Parc 2 lh Sun Jan 14 15:52:56 UTC 2018
#@# Cortical Parc 2 rh Sun Jan 14 15:53:26 UTC 2018
#@# Parcellation Stats 2 lh Sun Jan 14 15:53:56 UTC 2018
#@# Parcellation Stats 2 rh Sun Jan 14 15:55:06 UTC 2018
#@# Cortical Parc 3 lh Sun Jan 14 15:56:15 UTC 2018
#@# Cortical Parc 3 rh Sun Jan 14 15:56:39 UTC 2018
#@# Parcellation Stats 3 lh Sun Jan 14 15:57:01 UTC 2018
#@# Parcellation Stats 3 rh Sun Jan 14 15:58:08 UTC 2018
#@# WM/GM Contrast lh Sun Jan 14 15:59:16 UTC 2018
#@# WM/GM Contrast rh Sun Jan 14 15:59:25 UTC 2018
#@# Relabel Hypointensities Sun Jan 14 15:59:35 UTC 2018
#@# AParc-to-ASeg aparc Sun Jan 14 16:00:10 UTC 2018
#@# AParc-to-ASeg a2009s Sun Jan 14 16:08:56 UTC 2018
#@# AParc-to-ASeg DKTatlas Sun Jan 14 16:17:57 UTC 2018
#@# APas-to-ASeg Sun Jan 14 16:26:47 UTC 2018
#@# ASeg Stats Sun Jan 14 16:26:57 UTC 2018
#@# WMParc Sun Jan 14 16:31:28 UTC 2018
#@# BA_exvivo Labels lh Sun Jan 14 16:47:40 UTC 2018
#@# BA_exvivo Labels rh Sun Jan 14 16:56:12 UTC 2018
recon-all -s 3822 finished without error at Sun Jan 14 17:04:48 UTC 2018
